Script started on 2024-09-17 18:42:46+00:00 [TERM="xterm-256color" TTY="/dev/pts/1" COLUMNS="147" LINES="57"]
]0;azureuser@pr1-vm: ~/AOS_Project1/memory/test[01;32mazureuser@pr1-vm[00m:[01;34m~/AOS_Project1/memory/test[00m$ ./monitor.py -t runtest2.py 

--------------------------------------------------
Iteration number :  1
Memory (VM: aos_vm2)  Actual [256.0], Unused: [67.69921875]
Memory (VM: aos_vm3)  Actual [256.0], Unused: [62.75]
Memory (VM: aos_vm4)  Actual [256.0], Unused: [70.68359375]
Memory (VM: aos_vm1)  Actual [256.0], Unused: [63.609375]

--------------------------------------------------
Iteration number :  2
Memory (VM: aos_vm2)  Actual [256.0], Unused: [67.69921875]
Memory (VM: aos_vm3)  Actual [256.0], Unused: [62.75]
Memory (VM: aos_vm4)  Actual [256.0], Unused: [70.68359375]
Memory (VM: aos_vm1)  Actual [256.0], Unused: [63.609375]

--------------------------------------------------
Iteration number :  3
Memory (VM: aos_vm2)  Actual [256.0], Unused: [67.51171875]
Memory (VM: aos_vm3)  Actual [256.0], Unused: [62.9765625]
Memory (VM: aos_vm4)  Actual [256.0], Unused: [70.68359375]
Memory (VM: aos_vm1)  Actual [256.0], Unused: [63.53515625]

--------------------------------------------------
Iteration number :  4
Memory (VM: aos_vm2)  Actual [256.0], Unused: [67.51171875]
Memory (VM: aos_vm3)  Actual [256.0], Unused: [62.9765625]
Memory (VM: aos_vm4)  Actual [256.0], Unused: [70.68359375]
Memory (VM: aos_vm1)  Actual [256.0], Unused: [63.53515625]

--------------------------------------------------
Iteration number :  5
Memory (VM: aos_vm2)  Actual [256.0], Unused: [67.51171875]
Memory (VM: aos_vm3)  Actual [256.0], Unused: [62.9765625]
Memory (VM: aos_vm4)  Actual [256.0], Unused: [70.68359375]
Memory (VM: aos_vm1)  Actual [256.0], Unused: [63.53515625]
Start testcase 2

--------------------------------------------------
Iteration number :  6
Memory (VM: aos_vm2)  Actual [512.0], Unused: [323.140625]
Memory (VM: aos_vm3)  Actual [512.0], Unused: [318.96875]
Memory (VM: aos_vm4)  Actual [512.0], Unused: [326.0703125]
Memory (VM: aos_vm1)  Actual [512.0], Unused: [319.28515625]

--------------------------------------------------
Iteration number :  7
Memory (VM: aos_vm2)  Actual [616.0], Unused: [294.53515625]
Memory (VM: aos_vm3)  Actual [616.0], Unused: [291.375]
Memory (VM: aos_vm4)  Actual [616.0], Unused: [295.38671875]
Memory (VM: aos_vm1)  Actual [616.0], Unused: [291.2890625]

--------------------------------------------------
Iteration number :  8
Memory (VM: aos_vm2)  Actual [720.0], Unused: [362.7109375]
Memory (VM: aos_vm3)  Actual [720.0], Unused: [361.24609375]
Memory (VM: aos_vm4)  Actual [720.0], Unused: [365.13671875]
Memory (VM: aos_vm1)  Actual [720.0], Unused: [360.796875]

--------------------------------------------------
Iteration number :  9
Memory (VM: aos_vm2)  Actual [824.0], Unused: [431.4921875]
Memory (VM: aos_vm3)  Actual [824.0], Unused: [429.54296875]
Memory (VM: aos_vm4)  Actual [824.0], Unused: [433.91796875]
Memory (VM: aos_vm1)  Actual [824.0], Unused: [428.8515625]

--------------------------------------------------
Iteration number :  10
Memory (VM: aos_vm2)  Actual [928.0], Unused: [500.03125]
Memory (VM: aos_vm3)  Actual [928.0], Unused: [498.6875]
Memory (VM: aos_vm4)  Actual [928.0], Unused: [502.45703125]
Memory (VM: aos_vm1)  Actual [928.0], Unused: [497.1484375]

--------------------------------------------------
Iteration number :  11
Memory (VM: aos_vm2)  Actual [1032.0], Unused: [567.96484375]
Memory (VM: aos_vm3)  Actual [1032.0], Unused: [566.86328125]
Memory (VM: aos_vm4)  Actual [1032.0], Unused: [570.6328125]
Memory (VM: aos_vm1)  Actual [1032.0], Unused: [565.4453125]

--------------------------------------------------
Iteration number :  12
Memory (VM: aos_vm2)  Actual [1136.0], Unused: [636.625]
Memory (VM: aos_vm3)  Actual [1136.0], Unused: [635.5234375]
Memory (VM: aos_vm4)  Actual [1136.0], Unused: [639.29296875]
Memory (VM: aos_vm1)  Actual [1136.0], Unused: [633.62109375]

--------------------------------------------------
Iteration number :  13
Memory (VM: aos_vm2)  Actual [1240.0], Unused: [705.04296875]
Memory (VM: aos_vm3)  Actual [1235.0], Unused: [705.03125]
Memory (VM: aos_vm4)  Actual [1240.0], Unused: [708.07421875]
Memory (VM: aos_vm1)  Actual [1240.0], Unused: [702.0390625]

--------------------------------------------------
Iteration number :  14
Memory (VM: aos_vm2)  Actual [1329.0], Unused: [772.734375]
Memory (VM: aos_vm3)  Actual [1322.0], Unused: [773.328125]
Memory (VM: aos_vm4)  Actual [1321.0], Unused: [776.25]
Memory (VM: aos_vm1)  Actual [1320.0], Unused: [769.73046875]

--------------------------------------------------
Iteration number :  15
Memory (VM: aos_vm2)  Actual [1409.0], Unused: [841.63671875]
Memory (VM: aos_vm3)  Actual [1405.0], Unused: [842.47265625]
Memory (VM: aos_vm4)  Actual [1405.0], Unused: [845.66796875]
Memory (VM: aos_vm1)  Actual [1402.0], Unused: [838.875]

--------------------------------------------------
Iteration number :  16
Memory (VM: aos_vm2)  Actual [1492.0], Unused: [910.5390625]
Memory (VM: aos_vm3)  Actual [1495.0], Unused: [911.73828125]
Memory (VM: aos_vm4)  Actual [1495.0], Unused: [915.17578125]
Memory (VM: aos_vm1)  Actual [1500.0], Unused: [907.8984375]

--------------------------------------------------
Iteration number :  17
Memory (VM: aos_vm2)  Actual [1585.0], Unused: [978.23046875]
Memory (VM: aos_vm3)  Actual [1574.0], Unused: [980.15625]
Memory (VM: aos_vm4)  Actual [1593.0], Unused: [984.078125]
Memory (VM: aos_vm1)  Actual [1594.0], Unused: [976.6796875]

--------------------------------------------------
Iteration number :  18
Memory (VM: aos_vm2)  Actual [1686.0], Unused: [1046.1640625]
Memory (VM: aos_vm3)  Actual [1690.0], Unused: [1048.84765625]
Memory (VM: aos_vm4)  Actual [1676.0], Unused: [1052.49609375]
Memory (VM: aos_vm1)  Actual [1670.0], Unused: [1044.734375]

--------------------------------------------------
Iteration number :  19
Memory (VM: aos_vm2)  Actual [1775.0], Unused: [1113.88671875]
Memory (VM: aos_vm3)  Actual [1773.0], Unused: [1117.14453125]
Memory (VM: aos_vm4)  Actual [1771.0], Unused: [1121.27734375]
Memory (VM: aos_vm1)  Actual [1764.0], Unused: [1112.7890625]

--------------------------------------------------
Iteration number :  20
Memory (VM: aos_vm2)  Actual [1864.0], Unused: [1181.578125]
Memory (VM: aos_vm3)  Actual [1864.0], Unused: [1185.44140625]
Memory (VM: aos_vm4)  Actual [1864.0], Unused: [1189.6953125]
Memory (VM: aos_vm1)  Actual [1864.0], Unused: [1181.1171875]

--------------------------------------------------
Iteration number :  21
Memory (VM: aos_vm2)  Actual [1968.0], Unused: [1249.1484375]
Memory (VM: aos_vm3)  Actual [1968.0], Unused: [1253.98046875]
Memory (VM: aos_vm4)  Actual [1968.0], Unused: [1257.9921875]
Memory (VM: aos_vm1)  Actual [1968.0], Unused: [1248.80859375]

--------------------------------------------------
Iteration number :  22
Memory (VM: aos_vm2)  Actual [2048.0], Unused: [1294.6796875]
Memory (VM: aos_vm3)  Actual [2048.0], Unused: [1299.02734375]
Memory (VM: aos_vm4)  Actual [2048.0], Unused: [1302.94921875]
Memory (VM: aos_vm1)  Actual [2048.0], Unused: [1294.09765625]

--------------------------------------------------
Iteration number :  23
Memory (VM: aos_vm2)  Actual [1944.0], Unused: [1158.5703125]
Memory (VM: aos_vm3)  Actual [1944.0], Unused: [1163.40234375]
Memory (VM: aos_vm4)  Actual [1944.0], Unused: [1167.4453125]
Memory (VM: aos_vm1)  Actual [1944.0], Unused: [1157.625]

--------------------------------------------------
Iteration number :  24
Memory (VM: aos_vm2)  Actual [1840.0], Unused: [1022.4609375]
Memory (VM: aos_vm3)  Actual [1840.0], Unused: [1027.05078125]
Memory (VM: aos_vm4)  Actual [1840.0], Unused: [1031.09375]
Memory (VM: aos_vm1)  Actual [1840.0], Unused: [1020.91015625]

--------------------------------------------------
Iteration number :  25
Memory (VM: aos_vm2)  Actual [1736.0], Unused: [885.8671875]
Memory (VM: aos_vm3)  Actual [1736.0], Unused: [890.45703125]
Memory (VM: aos_vm4)  Actual [1736.0], Unused: [894.37890625]
Memory (VM: aos_vm1)  Actual [1736.0], Unused: [884.31640625]

--------------------------------------------------
Iteration number :  26
Memory (VM: aos_vm2)  Actual [1632.0], Unused: [749.15234375]
Memory (VM: aos_vm3)  Actual [1632.0], Unused: [753.62109375]
Memory (VM: aos_vm4)  Actual [1632.0], Unused: [757.78515625]
Memory (VM: aos_vm1)  Actual [1632.0], Unused: [746.75390625]

--------------------------------------------------
Iteration number :  27
Memory (VM: aos_vm2)  Actual [1528.0], Unused: [611.7109375]
Memory (VM: aos_vm3)  Actual [1528.0], Unused: [615.81640625]
Memory (VM: aos_vm4)  Actual [1528.0], Unused: [620.5859375]
Memory (VM: aos_vm1)  Actual [1528.0], Unused: [609.796875]

--------------------------------------------------
Iteration number :  28
Memory (VM: aos_vm2)  Actual [1424.0], Unused: [475.1171875]
Memory (VM: aos_vm3)  Actual [1424.0], Unused: [480.19140625]
Memory (VM: aos_vm4)  Actual [1424.0], Unused: [484.87109375]
Memory (VM: aos_vm1)  Actual [1424.0], Unused: [473.203125]

--------------------------------------------------
Iteration number :  29
Memory (VM: aos_vm2)  Actual [1320.0], Unused: [336.828125]
Memory (VM: aos_vm3)  Actual [1320.0], Unused: [344.4453125]
Memory (VM: aos_vm4)  Actual [1320.0], Unused: [349.24609375]
Memory (VM: aos_vm1)  Actual [1320.0], Unused: [336.97265625]

--------------------------------------------------
Iteration number :  30
Memory (VM: aos_vm2)  Actual [1216.0], Unused: [199.5078125]
Memory (VM: aos_vm3)  Actual [1216.0], Unused: [207.609375]
Memory (VM: aos_vm4)  Actual [1216.0], Unused: [212.7734375]
Memory (VM: aos_vm1)  Actual [1216.0], Unused: [200.5]

--------------------------------------------------
Iteration number :  31
Memory (VM: aos_vm2)  Actual [1112.0], Unused: [69.80859375]
Memory (VM: aos_vm3)  Actual [1112.0], Unused: [70.7734375]
Memory (VM: aos_vm4)  Actual [1112.0], Unused: [75.33203125]
Memory (VM: aos_vm1)  Actual [1112.0], Unused: [63.05859375]

--------------------------------------------------
Iteration number :  32
Memory (VM: aos_vm2)  Actual [1008.0], Unused: [837.8671875]
Memory (VM: aos_vm3)  Actual [1008.0], Unused: [837.875]
Memory (VM: aos_vm4)  Actual [1008.0], Unused: [840.22265625]
Memory (VM: aos_vm1)  Actual [1008.0], Unused: [839.05078125]

--------------------------------------------------
Iteration number :  33
Memory (VM: aos_vm2)  Actual [904.0], Unused: [734.08984375]
Memory (VM: aos_vm3)  Actual [904.0], Unused: [733.85546875]
Memory (VM: aos_vm4)  Actual [904.0], Unused: [736.203125]
Memory (VM: aos_vm1)  Actual [904.0], Unused: [735.1640625]

--------------------------------------------------
Iteration number :  34
Memory (VM: aos_vm2)  Actual [800.0], Unused: [630.0703125]
Memory (VM: aos_vm3)  Actual [800.0], Unused: [629.8359375]
Memory (VM: aos_vm4)  Actual [800.0], Unused: [632.18359375]
Memory (VM: aos_vm1)  Actual [800.0], Unused: [631.17578125]

--------------------------------------------------
Iteration number :  35
Memory (VM: aos_vm2)  Actual [696.0], Unused: [526.05078125]
Memory (VM: aos_vm3)  Actual [696.0], Unused: [525.81640625]
Memory (VM: aos_vm4)  Actual [696.0], Unused: [528.28515625]
Memory (VM: aos_vm1)  Actual [696.0], Unused: [527.15625]

--------------------------------------------------
Iteration number :  36
Memory (VM: aos_vm2)  Actual [592.0], Unused: [422.03125]
Memory (VM: aos_vm3)  Actual [592.0], Unused: [421.796875]
Memory (VM: aos_vm4)  Actual [592.0], Unused: [424.296875]
Memory (VM: aos_vm1)  Actual [592.0], Unused: [422.16796875]

--------------------------------------------------
Iteration number :  37
Memory (VM: aos_vm2)  Actual [512.0], Unused: [341.98828125]
Memory (VM: aos_vm3)  Actual [512.0], Unused: [341.875]
Memory (VM: aos_vm4)  Actual [512.0], Unused: [344.25390625]
Memory (VM: aos_vm1)  Actual [512.0], Unused: [342.24609375]

--------------------------------------------------
Iteration number :  38
Memory (VM: aos_vm2)  Actual [512.0], Unused: [341.98828125]
Memory (VM: aos_vm3)  Actual [512.0], Unused: [341.875]
Memory (VM: aos_vm4)  Actual [512.0], Unused: [343.1640625]
Memory (VM: aos_vm1)  Actual [512.0], Unused: [342.24609375]

--------------------------------------------------
Iteration number :  39
Memory (VM: aos_vm2)  Actual [512.0], Unused: [341.98828125]
Memory (VM: aos_vm3)  Actual [512.0], Unused: [341.875]
Memory (VM: aos_vm4)  Actual [512.0], Unused: [343.1640625]
Memory (VM: aos_vm1)  Actual [512.0], Unused: [342.24609375]

--------------------------------------------------
Iteration number :  40
Memory (VM: aos_vm2)  Actual [512.0], Unused: [341.98828125]
Memory (VM: aos_vm3)  Actual [512.0], Unused: [341.875]
Memory (VM: aos_vm4)  Actual [512.0], Unused: [343.1640625]
Memory (VM: aos_vm1)  Actual [512.0], Unused: [342.24609375]

--------------------------------------------------
Iteration number :  41
Memory (VM: aos_vm2)  Actual [512.0], Unused: [341.98828125]
Memory (VM: aos_vm3)  Actual [512.0], Unused: [341.875]
Memory (VM: aos_vm4)  Actual [512.0], Unused: [343.1640625]
Memory (VM: aos_vm1)  Actual [512.0], Unused: [342.24609375]

--------------------------------------------------
Iteration number :  42
Memory (VM: aos_vm2)  Actual [512.0], Unused: [341.98828125]
Memory (VM: aos_vm3)  Actual [512.0], Unused: [341.875]
Memory (VM: aos_vm4)  Actual [512.0], Unused: [343.1640625]
Memory (VM: aos_vm1)  Actual [512.0], Unused: [342.24609375]

--------------------------------------------------
Iteration number :  43
Memory (VM: aos_vm2)  Actual [512.0], Unused: [341.98828125]
Memory (VM: aos_vm3)  Actual [512.0], Unused: [341.875]
Memory (VM: aos_vm4)  Actual [512.0], Unused: [343.1953125]
Memory (VM: aos_vm1)  Actual [512.0], Unused: [342.24609375]

--------------------------------------------------
Iteration number :  44
Memory (VM: aos_vm2)  Actual [512.0], Unused: [341.98828125]
Memory (VM: aos_vm3)  Actual [512.0], Unused: [341.875]
Memory (VM: aos_vm4)  Actual [512.0], Unused: [343.1953125]
Memory (VM: aos_vm1)  Actual [512.0], Unused: [342.24609375]

--------------------------------------------------
Iteration number :  45
Memory (VM: aos_vm2)  Actual [512.0], Unused: [341.98828125]
Memory (VM: aos_vm3)  Actual [512.0], Unused: [341.875]
Memory (VM: aos_vm4)  Actual [512.0], Unused: [343.1953125]
Memory (VM: aos_vm1)  Actual [512.0], Unused: [342.24609375]

--------------------------------------------------
Iteration number :  46
Memory (VM: aos_vm2)  Actual [512.0], Unused: [341.98828125]
Memory (VM: aos_vm3)  Actual [512.0], Unused: [341.875]
Memory (VM: aos_vm4)  Actual [512.0], Unused: [343.1953125]
Memory (VM: aos_vm1)  Actual [512.0], Unused: [342.24609375]

--------------------------------------------------
Iteration number :  47
Memory (VM: aos_vm2)  Actual [512.0], Unused: [341.98828125]
Memory (VM: aos_vm3)  Actual [512.0], Unused: [341.875]
Memory (VM: aos_vm4)  Actual [512.0], Unused: [343.1953125]
Memory (VM: aos_vm1)  Actual [512.0], Unused: [342.24609375]

--------------------------------------------------
Iteration number :  48
Memory (VM: aos_vm2)  Actual [512.0], Unused: [341.98828125]
Memory (VM: aos_vm3)  Actual [512.0], Unused: [341.875]
Memory (VM: aos_vm4)  Actual [512.0], Unused: [343.1953125]
Memory (VM: aos_vm1)  Actual [512.0], Unused: [342.24609375]

--------------------------------------------------
Iteration number :  49
Memory (VM: aos_vm2)  Actual [512.0], Unused: [341.95703125]
Memory (VM: aos_vm3)  Actual [512.0], Unused: [341.90625]
Memory (VM: aos_vm4)  Actual [512.0], Unused: [343.1953125]
Memory (VM: aos_vm1)  Actual [512.0], Unused: [342.24609375]

--------------------------------------------------
Iteration number :  50
Memory (VM: aos_vm2)  Actual [512.0], Unused: [341.98828125]
Memory (VM: aos_vm3)  Actual [512.0], Unused: [341.75390625]
Memory (VM: aos_vm4)  Actual [512.0], Unused: [343.1953125]
Memory (VM: aos_vm1)  Actual [512.0], Unused: [342.27734375]
]0;azureuser@pr1-vm: ~/AOS_Project1/memory/test[01;32mazureuser@pr1-vm[00m:[01;34m~/AOS_Project1/memory/test[00m$ exirun: no process found
run: no process found
run: no process found
run: no process found
t
exit

Script done on 2024-09-17 18:44:43+00:00 [COMMAND_EXIT_CODE="0"]
