Script started on 2024-09-22 13:18:19+00:00 [TERM="xterm-256color" TTY="/dev/pts/1" COLUMNS="147" LINES="46"]
]0;azureuser@pr1-vm: ~/AOS_Project1/memory/test[01;32mazureuser@pr1-vm[00m:[01;34m~/AOS_Project1/memory/test[00m$ ./monitor.py -t runtest3.py 

--------------------------------------------------------------------------------
Iteration number :  1
Memory (VM: aos_vm2)  Actual [256.0], Unused: [83.0]
Memory (VM: aos_vm4)  Actual [256.0], Unused: [81.23046875]
Memory (VM: aos_vm3)  Actual [256.0], Unused: [80.6328125]
Memory (VM: aos_vm1)  Actual [256.0], Unused: [82.62109375]

--------------------------------------------------------------------------------
Iteration number :  2
Memory (VM: aos_vm2)  Actual [256.0], Unused: [83.0]
Memory (VM: aos_vm4)  Actual [256.0], Unused: [81.23046875]
Memory (VM: aos_vm3)  Actual [256.0], Unused: [80.6328125]
Memory (VM: aos_vm1)  Actual [256.0], Unused: [82.62109375]

--------------------------------------------------------------------------------
Iteration number :  3
Memory (VM: aos_vm2)  Actual [256.0], Unused: [83.0]
Memory (VM: aos_vm4)  Actual [256.0], Unused: [81.23046875]
Memory (VM: aos_vm3)  Actual [256.0], Unused: [80.26953125]
Memory (VM: aos_vm1)  Actual [256.0], Unused: [82.62109375]

--------------------------------------------------------------------------------
Iteration number :  4
Memory (VM: aos_vm2)  Actual [256.0], Unused: [81.0859375]
Memory (VM: aos_vm4)  Actual [256.0], Unused: [79.40625]
Memory (VM: aos_vm3)  Actual [256.0], Unused: [80.26953125]
Memory (VM: aos_vm1)  Actual [256.0], Unused: [82.2578125]

--------------------------------------------------------------------------------
Iteration number :  5
Memory (VM: aos_vm2)  Actual [256.0], Unused: [81.0859375]
Memory (VM: aos_vm4)  Actual [256.0], Unused: [79.4375]
Memory (VM: aos_vm3)  Actual [256.0], Unused: [79.07421875]
Memory (VM: aos_vm1)  Actual [256.0], Unused: [82.2578125]
Start testcase 3

--------------------------------------------------------------------------------
Iteration number :  6
Memory (VM: aos_vm2)  Actual [512.0], Unused: [334.34765625]
Memory (VM: aos_vm4)  Actual [512.0], Unused: [332.796875]
Memory (VM: aos_vm3)  Actual [512.0], Unused: [335.078125]
Memory (VM: aos_vm1)  Actual [512.0], Unused: [336.73828125]

--------------------------------------------------------------------------------
Iteration number :  7
Memory (VM: aos_vm2)  Actual [512.0], Unused: [283.515625]
Memory (VM: aos_vm4)  Actual [512.0], Unused: [283.24609375]
Memory (VM: aos_vm3)  Actual [512.0], Unused: [333.16796875]
Memory (VM: aos_vm1)  Actual [512.0], Unused: [336.73828125]

--------------------------------------------------------------------------------
Iteration number :  8
Memory (VM: aos_vm2)  Actual [512.0], Unused: [242.828125]
Memory (VM: aos_vm4)  Actual [512.0], Unused: [242.07421875]
Memory (VM: aos_vm3)  Actual [512.0], Unused: [333.16796875]
Memory (VM: aos_vm1)  Actual [512.0], Unused: [336.73828125]

--------------------------------------------------------------------------------
Iteration number :  9
Memory (VM: aos_vm2)  Actual [512.0], Unused: [202.01953125]
Memory (VM: aos_vm4)  Actual [512.0], Unused: [201.14453125]
Memory (VM: aos_vm3)  Actual [512.0], Unused: [332.4140625]
Memory (VM: aos_vm1)  Actual [512.0], Unused: [334.07421875]

--------------------------------------------------------------------------------
Iteration number :  10
Memory (VM: aos_vm2)  Actual [512.0], Unused: [161.33203125]
Memory (VM: aos_vm4)  Actual [512.0], Unused: [159.97265625]
Memory (VM: aos_vm3)  Actual [512.0], Unused: [332.4140625]
Memory (VM: aos_vm1)  Actual [512.0], Unused: [333.23828125]

--------------------------------------------------------------------------------
Iteration number :  11
Memory (VM: aos_vm2)  Actual [512.0], Unused: [120.5234375]
Memory (VM: aos_vm4)  Actual [512.0], Unused: [119.04296875]
Memory (VM: aos_vm3)  Actual [512.0], Unused: [332.4140625]
Memory (VM: aos_vm1)  Actual [512.0], Unused: [333.23828125]

--------------------------------------------------------------------------------
Iteration number :  12
Memory (VM: aos_vm2)  Actual [594.0], Unused: [79.8359375]
Memory (VM: aos_vm4)  Actual [596.0], Unused: [77.9921875]
Memory (VM: aos_vm3)  Actual [346.0], Unused: [332.4140625]
Memory (VM: aos_vm1)  Actual [512.0], Unused: [333.23828125]

--------------------------------------------------------------------------------
Iteration number :  13
Memory (VM: aos_vm2)  Actual [594.0], Unused: [121.12890625]
Memory (VM: aos_vm4)  Actual [596.0], Unused: [121.70703125]
Memory (VM: aos_vm3)  Actual [346.0], Unused: [166.515625]
Memory (VM: aos_vm1)  Actual [512.0], Unused: [333.23828125]

--------------------------------------------------------------------------------
Iteration number :  14
Memory (VM: aos_vm2)  Actual [676.0], Unused: [80.19921875]
Memory (VM: aos_vm4)  Actual [660.0], Unused: [80.171875]
Memory (VM: aos_vm3)  Actual [200.0], Unused: [166.515625]
Memory (VM: aos_vm1)  Actual [512.0], Unused: [333.23828125]

--------------------------------------------------------------------------------
Iteration number :  15
Memory (VM: aos_vm2)  Actual [676.0], Unused: [123.55078125]
Memory (VM: aos_vm4)  Actual [660.0], Unused: [104.1484375]
Memory (VM: aos_vm3)  Actual [200.0], Unused: [61.30078125]
Memory (VM: aos_vm1)  Actual [512.0], Unused: [333.23828125]

--------------------------------------------------------------------------------
Iteration number :  16
Memory (VM: aos_vm2)  Actual [758.0], Unused: [82.25]
Memory (VM: aos_vm4)  Actual [736.0], Unused: [66.484375]
Memory (VM: aos_vm3)  Actual [200.0], Unused: [60.2109375]
Memory (VM: aos_vm1)  Actual [354.0], Unused: [333.23828125]

--------------------------------------------------------------------------------
Iteration number :  17
Memory (VM: aos_vm2)  Actual [758.0], Unused: [124.02734375]
Memory (VM: aos_vm4)  Actual [736.0], Unused: [110.9140625]
Memory (VM: aos_vm3)  Actual [200.0], Unused: [58.5]
Memory (VM: aos_vm1)  Actual [354.0], Unused: [175.32421875]

--------------------------------------------------------------------------------
Iteration number :  18
Memory (VM: aos_vm2)  Actual [840.0], Unused: [83.4609375]
Memory (VM: aos_vm4)  Actual [808.0], Unused: [69.984375]
Memory (VM: aos_vm3)  Actual [200.0], Unused: [58.5]
Memory (VM: aos_vm1)  Actual [200.0], Unused: [175.32421875]

--------------------------------------------------------------------------------
Iteration number :  19
Memory (VM: aos_vm2)  Actual [840.0], Unused: [126.20703125]
Memory (VM: aos_vm4)  Actual [808.0], Unused: [122.34375]
Memory (VM: aos_vm3)  Actual [200.0], Unused: [58.5]
Memory (VM: aos_vm1)  Actual [200.0], Unused: [60.6484375]

--------------------------------------------------------------------------------
Iteration number :  20
Memory (VM: aos_vm2)  Actual [790.0], Unused: [624.5234375]
Memory (VM: aos_vm4)  Actual [894.0], Unused: [79.96875]
Memory (VM: aos_vm3)  Actual [200.0], Unused: [58.53125]
Memory (VM: aos_vm1)  Actual [200.0], Unused: [60.6484375]

--------------------------------------------------------------------------------
Iteration number :  21
Memory (VM: aos_vm2)  Actual [740.0], Unused: [574.51171875]
Memory (VM: aos_vm4)  Actual [894.0], Unused: [125.2578125]
Memory (VM: aos_vm3)  Actual [200.0], Unused: [58.53125]
Memory (VM: aos_vm1)  Actual [200.0], Unused: [60.6796875]

--------------------------------------------------------------------------------
Iteration number :  22
Memory (VM: aos_vm2)  Actual [690.0], Unused: [524.5]
Memory (VM: aos_vm4)  Actual [978.0], Unused: [83.1484375]
Memory (VM: aos_vm3)  Actual [200.0], Unused: [55.26171875]
Memory (VM: aos_vm1)  Actual [200.0], Unused: [60.6796875]

--------------------------------------------------------------------------------
Iteration number :  23
Memory (VM: aos_vm2)  Actual [640.0], Unused: [474.48828125]
Memory (VM: aos_vm4)  Actual [978.0], Unused: [126.015625]
Memory (VM: aos_vm3)  Actual [200.0], Unused: [55.26171875]
Memory (VM: aos_vm1)  Actual [200.0], Unused: [60.6796875]

--------------------------------------------------------------------------------
Iteration number :  24
Memory (VM: aos_vm2)  Actual [590.0], Unused: [424.4765625]
Memory (VM: aos_vm4)  Actual [1064.0], Unused: [83.99609375]
Memory (VM: aos_vm3)  Actual [200.0], Unused: [55.26171875]
Memory (VM: aos_vm1)  Actual [200.0], Unused: [60.6796875]

--------------------------------------------------------------------------------
Iteration number :  25
Memory (VM: aos_vm2)  Actual [540.0], Unused: [374.5859375]
Memory (VM: aos_vm4)  Actual [1064.0], Unused: [128.85546875]
Memory (VM: aos_vm3)  Actual [200.0], Unused: [55.26171875]
Memory (VM: aos_vm1)  Actual [200.0], Unused: [56.3125]

--------------------------------------------------------------------------------
Iteration number :  26
Memory (VM: aos_vm2)  Actual [412.0], Unused: [324.57421875]
Memory (VM: aos_vm4)  Actual [1164.0], Unused: [87.3203125]
Memory (VM: aos_vm3)  Actual [200.0], Unused: [55.26171875]
Memory (VM: aos_vm1)  Actual [200.0], Unused: [56.3125]

--------------------------------------------------------------------------------
Iteration number :  27
Memory (VM: aos_vm2)  Actual [312.0], Unused: [196.578125]
Memory (VM: aos_vm4)  Actual [1264.0], Unused: [146.8984375]
Memory (VM: aos_vm3)  Actual [200.0], Unused: [55.26171875]
Memory (VM: aos_vm1)  Actual [200.0], Unused: [56.3125]

--------------------------------------------------------------------------------
Iteration number :  28
Memory (VM: aos_vm2)  Actual [312.0], Unused: [96.5546875]
Memory (VM: aos_vm4)  Actual [1364.0], Unused: [206.35546875]
Memory (VM: aos_vm3)  Actual [200.0], Unused: [55.26171875]
Memory (VM: aos_vm1)  Actual [200.0], Unused: [56.3125]

--------------------------------------------------------------------------------
Iteration number :  29
Memory (VM: aos_vm2)  Actual [312.0], Unused: [96.5546875]
Memory (VM: aos_vm4)  Actual [1464.0], Unused: [266.296875]
Memory (VM: aos_vm3)  Actual [200.0], Unused: [55.26171875]
Memory (VM: aos_vm1)  Actual [200.0], Unused: [56.3125]

--------------------------------------------------------------------------------
Iteration number :  30
Memory (VM: aos_vm2)  Actual [312.0], Unused: [96.5546875]
Memory (VM: aos_vm4)  Actual [1564.0], Unused: [325.875]
Memory (VM: aos_vm3)  Actual [200.0], Unused: [55.26171875]
Memory (VM: aos_vm1)  Actual [200.0], Unused: [56.3125]

--------------------------------------------------------------------------------
Iteration number :  31
Memory (VM: aos_vm2)  Actual [312.0], Unused: [96.5546875]
Memory (VM: aos_vm4)  Actual [1664.0], Unused: [385.453125]
Memory (VM: aos_vm3)  Actual [200.0], Unused: [55.26171875]
Memory (VM: aos_vm1)  Actual [200.0], Unused: [56.3125]

--------------------------------------------------------------------------------
Iteration number :  32
Memory (VM: aos_vm2)  Actual [312.0], Unused: [96.5546875]
Memory (VM: aos_vm4)  Actual [1764.0], Unused: [443.8203125]
Memory (VM: aos_vm3)  Actual [200.0], Unused: [55.26171875]
Memory (VM: aos_vm1)  Actual [200.0], Unused: [56.3125]

--------------------------------------------------------------------------------
Iteration number :  33
Memory (VM: aos_vm2)  Actual [312.0], Unused: [96.5859375]
Memory (VM: aos_vm4)  Actual [1864.0], Unused: [503.640625]
Memory (VM: aos_vm3)  Actual [200.0], Unused: [55.26171875]
Memory (VM: aos_vm1)  Actual [200.0], Unused: [56.3125]

--------------------------------------------------------------------------------
Iteration number :  34
Memory (VM: aos_vm2)  Actual [312.0], Unused: [96.5859375]
Memory (VM: aos_vm4)  Actual [1964.0], Unused: [562.37109375]
Memory (VM: aos_vm3)  Actual [200.0], Unused: [55.26171875]
Memory (VM: aos_vm1)  Actual [200.0], Unused: [56.3125]

--------------------------------------------------------------------------------
Iteration number :  35
Memory (VM: aos_vm2)  Actual [312.0], Unused: [96.5859375]
Memory (VM: aos_vm4)  Actual [2048.0], Unused: [621.5859375]
Memory (VM: aos_vm3)  Actual [200.0], Unused: [55.26171875]
Memory (VM: aos_vm1)  Actual [200.0], Unused: [56.3125]

--------------------------------------------------------------------------------
Iteration number :  36
Memory (VM: aos_vm2)  Actual [312.0], Unused: [96.5859375]
Memory (VM: aos_vm4)  Actual [1998.0], Unused: [664.81640625]
Memory (VM: aos_vm3)  Actual [200.0], Unused: [55.26171875]
Memory (VM: aos_vm1)  Actual [200.0], Unused: [56.3125]

--------------------------------------------------------------------------------
Iteration number :  37
Memory (VM: aos_vm2)  Actual [312.0], Unused: [96.5859375]
Memory (VM: aos_vm4)  Actual [1948.0], Unused: [575.328125]
Memory (VM: aos_vm3)  Actual [200.0], Unused: [55.29296875]
Memory (VM: aos_vm1)  Actual [200.0], Unused: [56.34375]

--------------------------------------------------------------------------------
Iteration number :  38
Memory (VM: aos_vm2)  Actual [312.0], Unused: [96.5859375]
Memory (VM: aos_vm4)  Actual [1898.0], Unused: [485.35546875]
Memory (VM: aos_vm3)  Actual [200.0], Unused: [55.29296875]
Memory (VM: aos_vm1)  Actual [200.0], Unused: [56.34375]

--------------------------------------------------------------------------------
Iteration number :  39
Memory (VM: aos_vm2)  Actual [312.0], Unused: [96.5859375]
Memory (VM: aos_vm4)  Actual [1848.0], Unused: [395.625]
Memory (VM: aos_vm3)  Actual [200.0], Unused: [55.29296875]
Memory (VM: aos_vm1)  Actual [200.0], Unused: [56.34375]

--------------------------------------------------------------------------------
Iteration number :  40
Memory (VM: aos_vm2)  Actual [312.0], Unused: [96.5859375]
Memory (VM: aos_vm4)  Actual [1798.0], Unused: [306.37890625]
Memory (VM: aos_vm3)  Actual [200.0], Unused: [54.86328125]
Memory (VM: aos_vm1)  Actual [200.0], Unused: [56.15625]

--------------------------------------------------------------------------------
Iteration number :  41
Memory (VM: aos_vm2)  Actual [312.0], Unused: [96.5859375]
Memory (VM: aos_vm4)  Actual [1748.0], Unused: [216.80078125]
Memory (VM: aos_vm3)  Actual [200.0], Unused: [54.86328125]
Memory (VM: aos_vm1)  Actual [200.0], Unused: [56.15625]

--------------------------------------------------------------------------------
Iteration number :  42
Memory (VM: aos_vm2)  Actual [312.0], Unused: [96.5859375]
Memory (VM: aos_vm4)  Actual [1698.0], Unused: [126.34375]
Memory (VM: aos_vm3)  Actual [200.0], Unused: [54.86328125]
Memory (VM: aos_vm1)  Actual [200.0], Unused: [56.15625]

--------------------------------------------------------------------------------
Iteration number :  43
Memory (VM: aos_vm2)  Actual [312.0], Unused: [96.5859375]
Memory (VM: aos_vm4)  Actual [1648.0], Unused: [64.23828125]
Memory (VM: aos_vm3)  Actual [200.0], Unused: [54.86328125]
Memory (VM: aos_vm1)  Actual [200.0], Unused: [56.15625]

--------------------------------------------------------------------------------
Iteration number :  44
Memory (VM: aos_vm2)  Actual [312.0], Unused: [96.5859375]
Memory (VM: aos_vm4)  Actual [1598.0], Unused: [1465.16796875]
Memory (VM: aos_vm3)  Actual [200.0], Unused: [54.86328125]
Memory (VM: aos_vm1)  Actual [200.0], Unused: [56.15625]

--------------------------------------------------------------------------------
Iteration number :  45
Memory (VM: aos_vm2)  Actual [312.0], Unused: [96.5859375]
Memory (VM: aos_vm4)  Actual [1548.0], Unused: [1415.15625]
Memory (VM: aos_vm3)  Actual [200.0], Unused: [54.86328125]
Memory (VM: aos_vm1)  Actual [200.0], Unused: [56.15625]

--------------------------------------------------------------------------------
Iteration number :  46
Memory (VM: aos_vm2)  Actual [312.0], Unused: [96.5859375]
Memory (VM: aos_vm4)  Actual [1498.0], Unused: [1365.14453125]
Memory (VM: aos_vm3)  Actual [200.0], Unused: [54.86328125]
Memory (VM: aos_vm1)  Actual [200.0], Unused: [56.15625]

--------------------------------------------------------------------------------
Iteration number :  47
Memory (VM: aos_vm2)  Actual [312.0], Unused: [96.5859375]
Memory (VM: aos_vm4)  Actual [1448.0], Unused: [1315.01171875]
Memory (VM: aos_vm3)  Actual [200.0], Unused: [54.86328125]
Memory (VM: aos_vm1)  Actual [200.0], Unused: [55.06640625]

--------------------------------------------------------------------------------
Iteration number :  48
Memory (VM: aos_vm2)  Actual [312.0], Unused: [96.5859375]
Memory (VM: aos_vm4)  Actual [1398.0], Unused: [1265.0]
Memory (VM: aos_vm3)  Actual [200.0], Unused: [54.86328125]
Memory (VM: aos_vm1)  Actual [200.0], Unused: [55.06640625]

--------------------------------------------------------------------------------
Iteration number :  49
Memory (VM: aos_vm2)  Actual [312.0], Unused: [96.5859375]
Memory (VM: aos_vm4)  Actual [1348.0], Unused: [1214.98828125]
Memory (VM: aos_vm3)  Actual [200.0], Unused: [54.86328125]
Memory (VM: aos_vm1)  Actual [200.0], Unused: [54.9453125]

--------------------------------------------------------------------------------
Iteration number :  50
Memory (VM: aos_vm2)  Actual [312.0], Unused: [96.5859375]
Memory (VM: aos_vm4)  Actual [1298.0], Unused: [1164.9765625]
Memory (VM: aos_vm3)  Actual [200.0], Unused: [54.86328125]
Memory (VM: aos_vm1)  Actual [200.0], Unused: [54.9453125]

--------------------------------------------------------------------------------
Iteration number :  51
Memory (VM: aos_vm2)  Actual [312.0], Unused: [96.5859375]
Memory (VM: aos_vm4)  Actual [1248.0], Unused: [1114.96484375]
Memory (VM: aos_vm3)  Actual [200.0], Unused: [54.86328125]
Memory (VM: aos_vm1)  Actual [200.0], Unused: [54.9453125]

--------------------------------------------------------------------------------
Iteration number :  52
Memory (VM: aos_vm2)  Actual [312.0], Unused: [96.6171875]
Memory (VM: aos_vm4)  Actual [1198.0], Unused: [1063.86328125]
Memory (VM: aos_vm3)  Actual [200.0], Unused: [54.86328125]
Memory (VM: aos_vm1)  Actual [200.0], Unused: [54.9453125]

--------------------------------------------------------------------------------
Iteration number :  53
Memory (VM: aos_vm2)  Actual [312.0], Unused: [96.6171875]
Memory (VM: aos_vm4)  Actual [1148.0], Unused: [1013.8828125]
Memory (VM: aos_vm3)  Actual [200.0], Unused: [54.89453125]
Memory (VM: aos_vm1)  Actual [200.0], Unused: [54.9453125]

--------------------------------------------------------------------------------
Iteration number :  54
Memory (VM: aos_vm2)  Actual [312.0], Unused: [96.6171875]
Memory (VM: aos_vm4)  Actual [1098.0], Unused: [963.87109375]
Memory (VM: aos_vm3)  Actual [200.0], Unused: [54.89453125]
Memory (VM: aos_vm1)  Actual [200.0], Unused: [54.9765625]

--------------------------------------------------------------------------------
Iteration number :  55
Memory (VM: aos_vm2)  Actual [312.0], Unused: [96.6171875]
Memory (VM: aos_vm4)  Actual [1048.0], Unused: [913.859375]
Memory (VM: aos_vm3)  Actual [200.0], Unused: [54.89453125]
Memory (VM: aos_vm1)  Actual [200.0], Unused: [54.9765625]

--------------------------------------------------------------------------------
Iteration number :  56
Memory (VM: aos_vm2)  Actual [312.0], Unused: [96.6171875]
Memory (VM: aos_vm4)  Actual [998.0], Unused: [863.84765625]
Memory (VM: aos_vm3)  Actual [200.0], Unused: [54.89453125]
Memory (VM: aos_vm1)  Actual [200.0], Unused: [54.9765625]

--------------------------------------------------------------------------------
Iteration number :  57
Memory (VM: aos_vm2)  Actual [312.0], Unused: [96.6171875]
Memory (VM: aos_vm4)  Actual [948.0], Unused: [813.8359375]
Memory (VM: aos_vm3)  Actual [200.0], Unused: [54.89453125]
Memory (VM: aos_vm1)  Actual [200.0], Unused: [54.9765625]

--------------------------------------------------------------------------------
Iteration number :  58
Memory (VM: aos_vm2)  Actual [312.0], Unused: [96.6171875]
Memory (VM: aos_vm4)  Actual [898.0], Unused: [763.82421875]
Memory (VM: aos_vm3)  Actual [200.0], Unused: [54.89453125]
Memory (VM: aos_vm1)  Actual [200.0], Unused: [54.9765625]

--------------------------------------------------------------------------------
Iteration number :  59
Memory (VM: aos_vm2)  Actual [312.0], Unused: [96.6171875]
Memory (VM: aos_vm4)  Actual [848.0], Unused: [713.8125]
Memory (VM: aos_vm3)  Actual [200.0], Unused: [54.65234375]
Memory (VM: aos_vm1)  Actual [200.0], Unused: [54.9765625]

--------------------------------------------------------------------------------
Iteration number :  60
Memory (VM: aos_vm2)  Actual [312.0], Unused: [96.6171875]
Memory (VM: aos_vm4)  Actual [798.0], Unused: [663.80078125]
Memory (VM: aos_vm3)  Actual [200.0], Unused: [54.65234375]
Memory (VM: aos_vm1)  Actual [200.0], Unused: [54.9765625]

--------------------------------------------------------------------------------
Iteration number :  61
Memory (VM: aos_vm2)  Actual [312.0], Unused: [96.6171875]
Memory (VM: aos_vm4)  Actual [748.0], Unused: [613.7890625]
Memory (VM: aos_vm3)  Actual [200.0], Unused: [54.65234375]
Memory (VM: aos_vm1)  Actual [200.0], Unused: [54.9765625]

--------------------------------------------------------------------------------
Iteration number :  62
Memory (VM: aos_vm2)  Actual [312.0], Unused: [96.6171875]
Memory (VM: aos_vm4)  Actual [698.0], Unused: [563.77734375]
Memory (VM: aos_vm3)  Actual [200.0], Unused: [54.65234375]
Memory (VM: aos_vm1)  Actual [200.0], Unused: [54.9765625]

--------------------------------------------------------------------------------
Iteration number :  63
Memory (VM: aos_vm2)  Actual [312.0], Unused: [96.6171875]
Memory (VM: aos_vm4)  Actual [648.0], Unused: [513.765625]
Memory (VM: aos_vm3)  Actual [200.0], Unused: [54.65234375]
Memory (VM: aos_vm1)  Actual [200.0], Unused: [54.9765625]

--------------------------------------------------------------------------------
Iteration number :  64
Memory (VM: aos_vm2)  Actual [312.0], Unused: [96.6171875]
Memory (VM: aos_vm4)  Actual [598.0], Unused: [463.75390625]
Memory (VM: aos_vm3)  Actual [200.0], Unused: [54.65234375]
Memory (VM: aos_vm1)  Actual [200.0], Unused: [54.9765625]

--------------------------------------------------------------------------------
Iteration number :  65
Memory (VM: aos_vm2)  Actual [312.0], Unused: [96.6171875]
Memory (VM: aos_vm4)  Actual [548.0], Unused: [413.86328125]
Memory (VM: aos_vm3)  Actual [200.0], Unused: [54.65234375]
Memory (VM: aos_vm1)  Actual [200.0], Unused: [54.9765625]

--------------------------------------------------------------------------------
Iteration number :  66
Memory (VM: aos_vm2)  Actual [312.0], Unused: [96.6171875]
Memory (VM: aos_vm4)  Actual [512.0], Unused: [363.8515625]
Memory (VM: aos_vm3)  Actual [200.0], Unused: [54.65234375]
Memory (VM: aos_vm1)  Actual [200.0], Unused: [54.9765625]

--------------------------------------------------------------------------------
Iteration number :  67
Memory (VM: aos_vm2)  Actual [312.0], Unused: [96.6171875]
Memory (VM: aos_vm4)  Actual [512.0], Unused: [327.765625]
Memory (VM: aos_vm3)  Actual [200.0], Unused: [54.65234375]
Memory (VM: aos_vm1)  Actual [200.0], Unused: [54.9765625]

--------------------------------------------------------------------------------
Iteration number :  68
Memory (VM: aos_vm2)  Actual [312.0], Unused: [96.6484375]
Memory (VM: aos_vm4)  Actual [512.0], Unused: [327.765625]
Memory (VM: aos_vm3)  Actual [200.0], Unused: [54.65234375]
Memory (VM: aos_vm1)  Actual [200.0], Unused: [54.9765625]

--------------------------------------------------------------------------------
Iteration number :  69
Memory (VM: aos_vm2)  Actual [312.0], Unused: [96.6484375]
Memory (VM: aos_vm4)  Actual [512.0], Unused: [327.765625]
Memory (VM: aos_vm3)  Actual [200.0], Unused: [54.65234375]
Memory (VM: aos_vm1)  Actual [200.0], Unused: [54.9765625]

--------------------------------------------------------------------------------
Iteration number :  70
Memory (VM: aos_vm2)  Actual [312.0], Unused: [96.6484375]
Memory (VM: aos_vm4)  Actual [512.0], Unused: [327.765625]
Memory (VM: aos_vm3)  Actual [200.0], Unused: [54.65234375]
Memory (VM: aos_vm1)  Actual [200.0], Unused: [54.9765625]

--------------------------------------------------------------------------------
Iteration number :  71
Memory (VM: aos_vm2)  Actual [312.0], Unused: [96.6484375]
Memory (VM: aos_vm4)  Actual [512.0], Unused: [327.796875]
Memory (VM: aos_vm3)  Actual [200.0], Unused: [54.65234375]
Memory (VM: aos_vm1)  Actual [200.0], Unused: [54.9765625]

--------------------------------------------------------------------------------
Iteration number :  72
Memory (VM: aos_vm2)  Actual [312.0], Unused: [96.6484375]
Memory (VM: aos_vm4)  Actual [512.0], Unused: [327.796875]
Memory (VM: aos_vm3)  Actual [200.0], Unused: [54.65234375]
Memory (VM: aos_vm1)  Actual [200.0], Unused: [55.0078125]

--------------------------------------------------------------------------------
Iteration number :  73
Memory (VM: aos_vm2)  Actual [312.0], Unused: [96.6484375]
Memory (VM: aos_vm4)  Actual [512.0], Unused: [327.796875]
Memory (VM: aos_vm3)  Actual [200.0], Unused: [54.68359375]
Memory (VM: aos_vm1)  Actual [200.0], Unused: [55.0078125]

--------------------------------------------------------------------------------
Iteration number :  74
Memory (VM: aos_vm2)  Actual [312.0], Unused: [96.6484375]
Memory (VM: aos_vm4)  Actual [512.0], Unused: [327.796875]
Memory (VM: aos_vm3)  Actual [200.0], Unused: [54.68359375]
Memory (VM: aos_vm1)  Actual [200.0], Unused: [55.0078125]

--------------------------------------------------------------------------------
Iteration number :  75
Memory (VM: aos_vm2)  Actual [312.0], Unused: [96.6484375]
Memory (VM: aos_vm4)  Actual [512.0], Unused: [327.796875]
Memory (VM: aos_vm3)  Actual [200.0], Unused: [54.68359375]
Memory (VM: aos_vm1)  Actual [200.0], Unused: [55.0078125]

--------------------------------------------------------------------------------
Iteration number :  76
Memory (VM: aos_vm2)  Actual [312.0], Unused: [96.6484375]
Memory (VM: aos_vm4)  Actual [512.0], Unused: [327.796875]
Memory (VM: aos_vm3)  Actual [200.0], Unused: [54.68359375]
Memory (VM: aos_vm1)  Actual [200.0], Unused: [55.0078125]

--------------------------------------------------------------------------------
Iteration number :  77
Memory (VM: aos_vm2)  Actual [312.0], Unused: [96.6484375]
Memory (VM: aos_vm4)  Actual [512.0], Unused: [327.796875]
Memory (VM: aos_vm3)  Actual [200.0], Unused: [54.68359375]
Memory (VM: aos_vm1)  Actual [200.0], Unused: [55.0078125]

--------------------------------------------------------------------------------
Iteration number :  78
Memory (VM: aos_vm2)  Actual [312.0], Unused: [96.6484375]
Memory (VM: aos_vm4)  Actual [512.0], Unused: [327.796875]
Memory (VM: aos_vm3)  Actual [200.0], Unused: [54.68359375]
Memory (VM: aos_vm1)  Actual [200.0], Unused: [55.0078125]

--------------------------------------------------------------------------------
Iteration number :  79
Memory (VM: aos_vm2)  Actual [312.0], Unused: [96.6484375]
Memory (VM: aos_vm4)  Actual [512.0], Unused: [327.796875]
Memory (VM: aos_vm3)  Actual [200.0], Unused: [54.3203125]
Memory (VM: aos_vm1)  Actual [200.0], Unused: [54.64453125]

--------------------------------------------------------------------------------
Iteration number :  80
Memory (VM: aos_vm2)  Actual [312.0], Unused: [96.6484375]
Memory (VM: aos_vm4)  Actual [512.0], Unused: [327.796875]
Memory (VM: aos_vm3)  Actual [200.0], Unused: [54.3203125]
Memory (VM: aos_vm1)  Actual [200.0], Unused: [54.64453125]
]0;azureuser@pr1-vm: ~/AOS_Project1/memory/test[01;32mazureuser@pr1-vm[00m:[01;34m~/AOS_Project1/memory/test[00m$ kex_exchange_identification: read: Connection reset by peer
kex_exchange_identification: read: Connection reset by peer
run: no process found
run: no process found
^C
]0;azureuser@pr1-vm: ~/AOS_Project1/memory/test[01;32mazureuser@pr1-vm[00m:[01;34m~/AOS_Project1/memory/test[00m$ exit
exit

Script done on 2024-09-22 13:21:16+00:00 [COMMAND_EXIT_CODE="130"]
