Script started on 2024-09-17 18:24:27+00:00 [TERM="xterm-256color" TTY="/dev/pts/1" COLUMNS="147" LINES="57"]
]0;azureuser@pr1-vm: ~/AOS_Project1/memory/test[01;32mazureuser@pr1-vm[00m:[01;34m~/AOS_Project1/memory/test[00m$ ./monitor.py -t runtest1.py 

--------------------------------------------------
Iteration number :  1
Memory (VM: aos_vm2)  Actual [256.0], Unused: [87.05078125]
Memory (VM: aos_vm3)  Actual [256.0], Unused: [87.17578125]
Memory (VM: aos_vm4)  Actual [256.0], Unused: [83.97265625]
Memory (VM: aos_vm1)  Actual [256.0], Unused: [85.4609375]

--------------------------------------------------
Iteration number :  2
Memory (VM: aos_vm2)  Actual [256.0], Unused: [87.05078125]
Memory (VM: aos_vm3)  Actual [256.0], Unused: [87.17578125]
Memory (VM: aos_vm4)  Actual [256.0], Unused: [83.97265625]
Memory (VM: aos_vm1)  Actual [256.0], Unused: [85.4609375]

--------------------------------------------------
Iteration number :  3
Memory (VM: aos_vm2)  Actual [256.0], Unused: [87.04296875]
Memory (VM: aos_vm3)  Actual [256.0], Unused: [87.17578125]
Memory (VM: aos_vm4)  Actual [256.0], Unused: [83.96484375]
Memory (VM: aos_vm1)  Actual [256.0], Unused: [85.4609375]

--------------------------------------------------
Iteration number :  4
Memory (VM: aos_vm2)  Actual [256.0], Unused: [87.04296875]
Memory (VM: aos_vm3)  Actual [256.0], Unused: [87.16796875]
Memory (VM: aos_vm4)  Actual [256.0], Unused: [83.96484375]
Memory (VM: aos_vm1)  Actual [256.0], Unused: [85.453125]

--------------------------------------------------
Iteration number :  5
Memory (VM: aos_vm2)  Actual [256.0], Unused: [87.04296875]
Memory (VM: aos_vm3)  Actual [256.0], Unused: [87.16796875]
Memory (VM: aos_vm4)  Actual [256.0], Unused: [83.96484375]
Memory (VM: aos_vm1)  Actual [256.0], Unused: [85.453125]
Start testcase 1

--------------------------------------------------
Iteration number :  6
Memory (VM: aos_vm2)  Actual [512.0], Unused: [87.04296875]
Memory (VM: aos_vm3)  Actual [512.0], Unused: [87.16796875]
Memory (VM: aos_vm4)  Actual [512.0], Unused: [83.96484375]
Memory (VM: aos_vm1)  Actual [512.0], Unused: [85.453125]

--------------------------------------------------
Iteration number :  7
Memory (VM: aos_vm2)  Actual [512.0], Unused: [335.328125]
Memory (VM: aos_vm3)  Actual [512.0], Unused: [343.16015625]
Memory (VM: aos_vm4)  Actual [512.0], Unused: [339.8359375]
Memory (VM: aos_vm1)  Actual [512.0], Unused: [341.4453125]

--------------------------------------------------
Iteration number :  8
Memory (VM: aos_vm2)  Actual [616.0], Unused: [277.44140625]
Memory (VM: aos_vm3)  Actual [408.0], Unused: [343.16015625]
Memory (VM: aos_vm4)  Actual [512.0], Unused: [339.8359375]
Memory (VM: aos_vm1)  Actual [512.0], Unused: [341.4453125]

--------------------------------------------------
Iteration number :  9
Memory (VM: aos_vm2)  Actual [720.0], Unused: [340.89453125]
Memory (VM: aos_vm3)  Actual [304.0], Unused: [239.74609375]
Memory (VM: aos_vm4)  Actual [512.0], Unused: [339.8359375]
Memory (VM: aos_vm1)  Actual [512.0], Unused: [341.4453125]

--------------------------------------------------
Iteration number :  10
Memory (VM: aos_vm2)  Actual [824.0], Unused: [403.7421875]
Memory (VM: aos_vm3)  Actual [200.0], Unused: [135.7265625]
Memory (VM: aos_vm4)  Actual [512.0], Unused: [339.8359375]
Memory (VM: aos_vm1)  Actual [512.0], Unused: [341.4453125]

--------------------------------------------------
Iteration number :  11
Memory (VM: aos_vm2)  Actual [928.0], Unused: [466.83203125]
Memory (VM: aos_vm3)  Actual [200.0], Unused: [61.94140625]
Memory (VM: aos_vm4)  Actual [408.0], Unused: [339.8359375]
Memory (VM: aos_vm1)  Actual [512.0], Unused: [341.4453125]

--------------------------------------------------
Iteration number :  12
Memory (VM: aos_vm2)  Actual [1032.0], Unused: [530.40625]
Memory (VM: aos_vm3)  Actual [200.0], Unused: [58.95703125]
Memory (VM: aos_vm4)  Actual [304.0], Unused: [236.421875]
Memory (VM: aos_vm1)  Actual [512.0], Unused: [341.4453125]

--------------------------------------------------
Iteration number :  13
Memory (VM: aos_vm2)  Actual [1136.0], Unused: [593.49609375]
Memory (VM: aos_vm3)  Actual [200.0], Unused: [58.95703125]
Memory (VM: aos_vm4)  Actual [200.0], Unused: [132.40234375]
Memory (VM: aos_vm1)  Actual [512.0], Unused: [341.4453125]

--------------------------------------------------
Iteration number :  14
Memory (VM: aos_vm2)  Actual [1240.0], Unused: [656.70703125]
Memory (VM: aos_vm3)  Actual [200.0], Unused: [58.98828125]
Memory (VM: aos_vm4)  Actual [200.0], Unused: [62.16796875]
Memory (VM: aos_vm1)  Actual [408.0], Unused: [341.4453125]

--------------------------------------------------
Iteration number :  15
Memory (VM: aos_vm2)  Actual [1344.0], Unused: [784.85546875]
Memory (VM: aos_vm3)  Actual [200.0], Unused: [58.80078125]
Memory (VM: aos_vm4)  Actual [200.0], Unused: [61.12109375]
Memory (VM: aos_vm1)  Actual [304.0], Unused: [134.04296875]

--------------------------------------------------
Iteration number :  16
Memory (VM: aos_vm2)  Actual [1448.0], Unused: [848.9140625]
Memory (VM: aos_vm3)  Actual [200.0], Unused: [58.80078125]
Memory (VM: aos_vm4)  Actual [200.0], Unused: [61.12109375]
Memory (VM: aos_vm1)  Actual [200.0], Unused: [60.2890625]

--------------------------------------------------
Iteration number :  17
Memory (VM: aos_vm2)  Actual [1552.0], Unused: [912.125]
Memory (VM: aos_vm3)  Actual [200.0], Unused: [58.80078125]
Memory (VM: aos_vm4)  Actual [200.0], Unused: [61.12109375]
Memory (VM: aos_vm1)  Actual [200.0], Unused: [59.5625]

--------------------------------------------------
Iteration number :  18
Memory (VM: aos_vm2)  Actual [1656.0], Unused: [975.09375]
Memory (VM: aos_vm3)  Actual [200.0], Unused: [58.80078125]
Memory (VM: aos_vm4)  Actual [200.0], Unused: [61.12109375]
Memory (VM: aos_vm1)  Actual [200.0], Unused: [59.5625]

--------------------------------------------------
Iteration number :  19
Memory (VM: aos_vm2)  Actual [1760.0], Unused: [1037.578125]
Memory (VM: aos_vm3)  Actual [200.0], Unused: [58.80078125]
Memory (VM: aos_vm4)  Actual [200.0], Unused: [61.12109375]
Memory (VM: aos_vm1)  Actual [200.0], Unused: [59.5625]

--------------------------------------------------
Iteration number :  20
Memory (VM: aos_vm2)  Actual [1864.0], Unused: [1100.7890625]
Memory (VM: aos_vm3)  Actual [200.0], Unused: [58.80078125]
Memory (VM: aos_vm4)  Actual [200.0], Unused: [61.12109375]
Memory (VM: aos_vm1)  Actual [200.0], Unused: [59.5625]

--------------------------------------------------
Iteration number :  21
Memory (VM: aos_vm2)  Actual [1968.0], Unused: [1163.63671875]
Memory (VM: aos_vm3)  Actual [200.0], Unused: [58.80078125]
Memory (VM: aos_vm4)  Actual [200.0], Unused: [61.12109375]
Memory (VM: aos_vm1)  Actual [200.0], Unused: [59.5625]

--------------------------------------------------
Iteration number :  22
Memory (VM: aos_vm2)  Actual [2048.0], Unused: [1202.75]
Memory (VM: aos_vm3)  Actual [200.0], Unused: [58.80078125]
Memory (VM: aos_vm4)  Actual [200.0], Unused: [61.12109375]
Memory (VM: aos_vm1)  Actual [200.0], Unused: [59.5625]

--------------------------------------------------
Iteration number :  23
Memory (VM: aos_vm2)  Actual [1944.0], Unused: [1060.1015625]
Memory (VM: aos_vm3)  Actual [200.0], Unused: [58.80078125]
Memory (VM: aos_vm4)  Actual [200.0], Unused: [61.12109375]
Memory (VM: aos_vm1)  Actual [200.0], Unused: [59.5625]

--------------------------------------------------
Iteration number :  24
Memory (VM: aos_vm2)  Actual [1840.0], Unused: [917.6953125]
Memory (VM: aos_vm3)  Actual [200.0], Unused: [58.80078125]
Memory (VM: aos_vm4)  Actual [200.0], Unused: [61.12109375]
Memory (VM: aos_vm1)  Actual [200.0], Unused: [59.5625]

--------------------------------------------------
Iteration number :  25
Memory (VM: aos_vm2)  Actual [1736.0], Unused: [775.046875]
Memory (VM: aos_vm3)  Actual [200.0], Unused: [58.80078125]
Memory (VM: aos_vm4)  Actual [200.0], Unused: [61.12109375]
Memory (VM: aos_vm1)  Actual [200.0], Unused: [59.5625]

--------------------------------------------------
Iteration number :  26
Memory (VM: aos_vm2)  Actual [1632.0], Unused: [633.73046875]
Memory (VM: aos_vm3)  Actual [200.0], Unused: [58.80078125]
Memory (VM: aos_vm4)  Actual [200.0], Unused: [61.12109375]
Memory (VM: aos_vm1)  Actual [200.0], Unused: [59.5625]

--------------------------------------------------
Iteration number :  27
Memory (VM: aos_vm2)  Actual [1528.0], Unused: [490.9609375]
Memory (VM: aos_vm3)  Actual [200.0], Unused: [57.2265625]
Memory (VM: aos_vm4)  Actual [200.0], Unused: [61.12109375]
Memory (VM: aos_vm1)  Actual [200.0], Unused: [59.5625]

--------------------------------------------------
Iteration number :  28
Memory (VM: aos_vm2)  Actual [1424.0], Unused: [347.22265625]
Memory (VM: aos_vm3)  Actual [200.0], Unused: [57.2265625]
Memory (VM: aos_vm4)  Actual [200.0], Unused: [61.12109375]
Memory (VM: aos_vm1)  Actual [200.0], Unused: [59.5625]

--------------------------------------------------
Iteration number :  29
Memory (VM: aos_vm2)  Actual [1320.0], Unused: [204.57421875]
Memory (VM: aos_vm3)  Actual [200.0], Unused: [57.2265625]
Memory (VM: aos_vm4)  Actual [200.0], Unused: [61.12109375]
Memory (VM: aos_vm1)  Actual [200.0], Unused: [59.5625]

--------------------------------------------------
Iteration number :  30
Memory (VM: aos_vm2)  Actual [1216.0], Unused: [66.87890625]
Memory (VM: aos_vm3)  Actual [200.0], Unused: [57.2265625]
Memory (VM: aos_vm4)  Actual [200.0], Unused: [61.12109375]
Memory (VM: aos_vm1)  Actual [200.0], Unused: [56.40625]

--------------------------------------------------
Iteration number :  31
Memory (VM: aos_vm2)  Actual [1112.0], Unused: [942.69140625]
Memory (VM: aos_vm3)  Actual [200.0], Unused: [57.2578125]
Memory (VM: aos_vm4)  Actual [200.0], Unused: [61.12109375]
Memory (VM: aos_vm1)  Actual [200.0], Unused: [56.40625]

--------------------------------------------------
Iteration number :  32
Memory (VM: aos_vm2)  Actual [1008.0], Unused: [838.671875]
Memory (VM: aos_vm3)  Actual [200.0], Unused: [56.65234375]
Memory (VM: aos_vm4)  Actual [200.0], Unused: [59.5703125]
Memory (VM: aos_vm1)  Actual [200.0], Unused: [55.31640625]

--------------------------------------------------
Iteration number :  33
Memory (VM: aos_vm2)  Actual [904.0], Unused: [734.65234375]
Memory (VM: aos_vm3)  Actual [200.0], Unused: [56.65234375]
Memory (VM: aos_vm4)  Actual [200.0], Unused: [59.5703125]
Memory (VM: aos_vm1)  Actual [200.0], Unused: [55.34765625]

--------------------------------------------------
Iteration number :  34
Memory (VM: aos_vm2)  Actual [800.0], Unused: [630.6328125]
Memory (VM: aos_vm3)  Actual [200.0], Unused: [56.65234375]
Memory (VM: aos_vm4)  Actual [200.0], Unused: [59.5703125]
Memory (VM: aos_vm1)  Actual [200.0], Unused: [55.34765625]

--------------------------------------------------
Iteration number :  35
Memory (VM: aos_vm2)  Actual [696.0], Unused: [526.734375]
Memory (VM: aos_vm3)  Actual [200.0], Unused: [56.65234375]
Memory (VM: aos_vm4)  Actual [200.0], Unused: [59.5703125]
Memory (VM: aos_vm1)  Actual [200.0], Unused: [55.34765625]

--------------------------------------------------
Iteration number :  36
Memory (VM: aos_vm2)  Actual [592.0], Unused: [422.71484375]
Memory (VM: aos_vm3)  Actual [200.0], Unused: [55.5625]
Memory (VM: aos_vm4)  Actual [200.0], Unused: [59.5703125]
Memory (VM: aos_vm1)  Actual [200.0], Unused: [55.34765625]

--------------------------------------------------
Iteration number :  37
Memory (VM: aos_vm2)  Actual [512.0], Unused: [342.671875]
Memory (VM: aos_vm3)  Actual [200.0], Unused: [55.5625]
Memory (VM: aos_vm4)  Actual [200.0], Unused: [59.5703125]
Memory (VM: aos_vm1)  Actual [200.0], Unused: [55.34765625]

--------------------------------------------------
Iteration number :  38
Memory (VM: aos_vm2)  Actual [512.0], Unused: [342.671875]
Memory (VM: aos_vm3)  Actual [200.0], Unused: [55.5625]
Memory (VM: aos_vm4)  Actual [200.0], Unused: [59.5703125]
Memory (VM: aos_vm1)  Actual [200.0], Unused: [55.34765625]

--------------------------------------------------
Iteration number :  39
Memory (VM: aos_vm2)  Actual [512.0], Unused: [342.671875]
Memory (VM: aos_vm3)  Actual [200.0], Unused: [55.5625]
Memory (VM: aos_vm4)  Actual [200.0], Unused: [56.30078125]
Memory (VM: aos_vm1)  Actual [200.0], Unused: [55.34765625]

--------------------------------------------------
Iteration number :  40
Memory (VM: aos_vm2)  Actual [512.0], Unused: [342.671875]
Memory (VM: aos_vm3)  Actual [200.0], Unused: [55.5625]
Memory (VM: aos_vm4)  Actual [200.0], Unused: [56.30078125]
Memory (VM: aos_vm1)  Actual [200.0], Unused: [55.34765625]

--------------------------------------------------
Iteration number :  41
Memory (VM: aos_vm2)  Actual [512.0], Unused: [341.58203125]
Memory (VM: aos_vm3)  Actual [200.0], Unused: [55.5625]
Memory (VM: aos_vm4)  Actual [200.0], Unused: [56.30078125]
Memory (VM: aos_vm1)  Actual [200.0], Unused: [55.34765625]

--------------------------------------------------
Iteration number :  42
Memory (VM: aos_vm2)  Actual [512.0], Unused: [341.58203125]
Memory (VM: aos_vm3)  Actual [200.0], Unused: [55.5625]
Memory (VM: aos_vm4)  Actual [200.0], Unused: [56.30078125]
Memory (VM: aos_vm1)  Actual [200.0], Unused: [55.34765625]

--------------------------------------------------
Iteration number :  43
Memory (VM: aos_vm2)  Actual [512.0], Unused: [341.58203125]
Memory (VM: aos_vm3)  Actual [200.0], Unused: [55.5625]
Memory (VM: aos_vm4)  Actual [200.0], Unused: [56.30078125]
Memory (VM: aos_vm1)  Actual [200.0], Unused: [55.34765625]

--------------------------------------------------
Iteration number :  44
Memory (VM: aos_vm2)  Actual [512.0], Unused: [341.58203125]
Memory (VM: aos_vm3)  Actual [200.0], Unused: [55.5625]
Memory (VM: aos_vm4)  Actual [200.0], Unused: [55.9375]
Memory (VM: aos_vm1)  Actual [200.0], Unused: [55.34765625]

--------------------------------------------------
Iteration number :  45
Memory (VM: aos_vm2)  Actual [512.0], Unused: [341.61328125]
Memory (VM: aos_vm3)  Actual [200.0], Unused: [55.5625]
Memory (VM: aos_vm4)  Actual [200.0], Unused: [55.9375]
Memory (VM: aos_vm1)  Actual [200.0], Unused: [54.13671875]

--------------------------------------------------
Iteration number :  46
Memory (VM: aos_vm2)  Actual [512.0], Unused: [341.61328125]
Memory (VM: aos_vm3)  Actual [200.0], Unused: [55.59375]
Memory (VM: aos_vm4)  Actual [200.0], Unused: [55.9375]
Memory (VM: aos_vm1)  Actual [200.0], Unused: [54.13671875]

--------------------------------------------------
Iteration number :  47
Memory (VM: aos_vm2)  Actual [512.0], Unused: [341.61328125]
Memory (VM: aos_vm3)  Actual [200.0], Unused: [55.59375]
Memory (VM: aos_vm4)  Actual [200.0], Unused: [55.96875]
Memory (VM: aos_vm1)  Actual [200.0], Unused: [54.13671875]

--------------------------------------------------
Iteration number :  48
Memory (VM: aos_vm2)  Actual [512.0], Unused: [341.61328125]
Memory (VM: aos_vm3)  Actual [200.0], Unused: [55.59375]
Memory (VM: aos_vm4)  Actual [200.0], Unused: [55.96875]
Memory (VM: aos_vm1)  Actual [200.0], Unused: [54.16796875]

--------------------------------------------------
Iteration number :  49
Memory (VM: aos_vm2)  Actual [512.0], Unused: [341.61328125]
Memory (VM: aos_vm3)  Actual [200.0], Unused: [55.59375]
Memory (VM: aos_vm4)  Actual [200.0], Unused: [55.84765625]
Memory (VM: aos_vm1)  Actual [200.0], Unused: [54.16796875]

--------------------------------------------------
Iteration number :  50
Memory (VM: aos_vm2)  Actual [512.0], Unused: [341.61328125]
Memory (VM: aos_vm3)  Actual [200.0], Unused: [55.59375]
Memory (VM: aos_vm4)  Actual [200.0], Unused: [55.84765625]
Memory (VM: aos_vm1)  Actual [200.0], Unused: [54.16796875]
]0;azureuser@pr1-vm: ~/AOS_Project1/memory/test[01;32mazureuser@pr1-vm[00m:[01;34m~/AOS_Project1/memory/test[00m$ kex_exchange_identification: read: Connection reset by peer
kex_exchange_identification: read: Connection reset by peer
exexec request failed on channel 0
run: no process found
ir

Command 'exir' not found, did you mean:

  command 'exif' from deb exif (0.6.21-2)
  command 'exim' from deb exim4-daemon-heavy (4.93-13ubuntu1.12)
  command 'exim' from deb exim4-daemon-light (4.93-13ubuntu1.12)
  command 'expr' from deb coreutils (8.30-3ubuntu2)

Try: sudo apt install <deb name>

]0;azureuser@pr1-vm: ~/AOS_Project1/memory/test[01;32mazureuser@pr1-vm[00m:[01;34m~/AOS_Project1/memory/test[00m$ exit
exit

Script done on 2024-09-17 18:26:43+00:00 [COMMAND_EXIT_CODE="127"]
