Script started on 2024-09-22 14:01:02+00:00 [TERM="xterm-256color" TTY="/dev/pts/1" COLUMNS="147" LINES="46"]
]0;azureuser@pr1-vm: ~/AOS_Project1/memory/test[01;32mazureuser@pr1-vm[00m:[01;34m~/AOS_Project1/memory/test[00m$ ./monitor.py -t runtest1.py 

--------------------------------------------------------------------------------
Iteration number :  1
Memory (VM: aos_vm2)  Actual [256.0], Unused: [77.40234375]
Memory (VM: aos_vm4)  Actual [256.0], Unused: [77.203125]
Memory (VM: aos_vm3)  Actual [256.0], Unused: [82.48828125]
Memory (VM: aos_vm1)  Actual [256.0], Unused: [81.86328125]

--------------------------------------------------------------------------------
Iteration number :  2
Memory (VM: aos_vm2)  Actual [256.0], Unused: [77.40234375]
Memory (VM: aos_vm4)  Actual [256.0], Unused: [77.203125]
Memory (VM: aos_vm3)  Actual [256.0], Unused: [82.48828125]
Memory (VM: aos_vm1)  Actual [256.0], Unused: [81.86328125]

--------------------------------------------------------------------------------
Iteration number :  3
Memory (VM: aos_vm2)  Actual [256.0], Unused: [77.43359375]
Memory (VM: aos_vm4)  Actual [256.0], Unused: [76.26171875]
Memory (VM: aos_vm3)  Actual [256.0], Unused: [80.30859375]
Memory (VM: aos_vm1)  Actual [256.0], Unused: [81.86328125]

--------------------------------------------------------------------------------
Iteration number :  4
Memory (VM: aos_vm2)  Actual [256.0], Unused: [77.43359375]
Memory (VM: aos_vm4)  Actual [256.0], Unused: [76.29296875]
Memory (VM: aos_vm3)  Actual [256.0], Unused: [79.640625]
Memory (VM: aos_vm1)  Actual [256.0], Unused: [79.68359375]

--------------------------------------------------------------------------------
Iteration number :  5
Memory (VM: aos_vm2)  Actual [256.0], Unused: [77.43359375]
Memory (VM: aos_vm4)  Actual [256.0], Unused: [76.29296875]
Memory (VM: aos_vm3)  Actual [256.0], Unused: [79.640625]
Memory (VM: aos_vm1)  Actual [256.0], Unused: [79.06640625]
Start testcase 1

--------------------------------------------------------------------------------
Iteration number :  6
Memory (VM: aos_vm2)  Actual [512.0], Unused: [333.3984375]
Memory (VM: aos_vm4)  Actual [512.0], Unused: [332.28515625]
Memory (VM: aos_vm3)  Actual [512.0], Unused: [335.6328125]
Memory (VM: aos_vm1)  Actual [512.0], Unused: [335.05859375]

--------------------------------------------------------------------------------
Iteration number :  7
Memory (VM: aos_vm2)  Actual [512.0], Unused: [269.203125]
Memory (VM: aos_vm4)  Actual [512.0], Unused: [332.28515625]
Memory (VM: aos_vm3)  Actual [512.0], Unused: [335.6328125]
Memory (VM: aos_vm1)  Actual [512.0], Unused: [335.05859375]

--------------------------------------------------------------------------------
Iteration number :  8
Memory (VM: aos_vm2)  Actual [512.0], Unused: [227.66796875]
Memory (VM: aos_vm4)  Actual [512.0], Unused: [332.28515625]
Memory (VM: aos_vm3)  Actual [512.0], Unused: [335.6328125]
Memory (VM: aos_vm1)  Actual [512.0], Unused: [335.05859375]

--------------------------------------------------------------------------------
Iteration number :  9
Memory (VM: aos_vm2)  Actual [512.0], Unused: [186.1328125]
Memory (VM: aos_vm4)  Actual [512.0], Unused: [332.28515625]
Memory (VM: aos_vm3)  Actual [512.0], Unused: [335.6328125]
Memory (VM: aos_vm1)  Actual [512.0], Unused: [335.05859375]

--------------------------------------------------------------------------------
Iteration number :  10
Memory (VM: aos_vm2)  Actual [512.0], Unused: [144.4765625]
Memory (VM: aos_vm4)  Actual [512.0], Unused: [332.28515625]
Memory (VM: aos_vm3)  Actual [512.0], Unused: [335.6328125]
Memory (VM: aos_vm1)  Actual [512.0], Unused: [335.05859375]

--------------------------------------------------------------------------------
Iteration number :  11
Memory (VM: aos_vm2)  Actual [512.0], Unused: [103.0625]
Memory (VM: aos_vm4)  Actual [512.0], Unused: [332.28515625]
Memory (VM: aos_vm3)  Actual [512.0], Unused: [335.6328125]
Memory (VM: aos_vm1)  Actual [512.0], Unused: [335.05859375]

--------------------------------------------------------------------------------
Iteration number :  12
Memory (VM: aos_vm2)  Actual [584.0], Unused: [67.94921875]
Memory (VM: aos_vm4)  Actual [440.0], Unused: [332.28515625]
Memory (VM: aos_vm3)  Actual [512.0], Unused: [335.6328125]
Memory (VM: aos_vm1)  Actual [512.0], Unused: [335.05859375]

--------------------------------------------------------------------------------
Iteration number :  13
Memory (VM: aos_vm2)  Actual [586.0], Unused: [99.5625]
Memory (VM: aos_vm4)  Actual [438.0], Unused: [260.83984375]
Memory (VM: aos_vm3)  Actual [512.0], Unused: [335.6328125]
Memory (VM: aos_vm1)  Actual [512.0], Unused: [335.05859375]

--------------------------------------------------------------------------------
Iteration number :  14
Memory (VM: aos_vm2)  Actual [638.0], Unused: [74.27734375]
Memory (VM: aos_vm4)  Actual [386.0], Unused: [258.90234375]
Memory (VM: aos_vm3)  Actual [512.0], Unused: [335.6328125]
Memory (VM: aos_vm1)  Actual [512.0], Unused: [335.05859375]

--------------------------------------------------------------------------------
Iteration number :  15
Memory (VM: aos_vm2)  Actual [656.0], Unused: [91.87890625]
Memory (VM: aos_vm4)  Actual [368.0], Unused: [206.953125]
Memory (VM: aos_vm3)  Actual [512.0], Unused: [335.6328125]
Memory (VM: aos_vm1)  Actual [512.0], Unused: [335.05859375]

--------------------------------------------------------------------------------
Iteration number :  16
Memory (VM: aos_vm2)  Actual [720.0], Unused: [68.265625]
Memory (VM: aos_vm4)  Actual [304.0], Unused: [188.91015625]
Memory (VM: aos_vm3)  Actual [512.0], Unused: [335.6328125]
Memory (VM: aos_vm1)  Actual [512.0], Unused: [335.05859375]

--------------------------------------------------------------------------------
Iteration number :  17
Memory (VM: aos_vm2)  Actual [720.0], Unused: [111.94140625]
Memory (VM: aos_vm4)  Actual [304.0], Unused: [124.8515625]
Memory (VM: aos_vm3)  Actual [512.0], Unused: [335.625]
Memory (VM: aos_vm1)  Actual [512.0], Unused: [335.05078125]

--------------------------------------------------------------------------------
Iteration number :  18
Memory (VM: aos_vm2)  Actual [804.0], Unused: [69.921875]
Memory (VM: aos_vm4)  Actual [220.0], Unused: [124.8828125]
Memory (VM: aos_vm3)  Actual [512.0], Unused: [335.65625]
Memory (VM: aos_vm1)  Actual [512.0], Unused: [335.05078125]

--------------------------------------------------------------------------------
Iteration number :  19
Memory (VM: aos_vm2)  Actual [804.0], Unused: [112.0625]
Memory (VM: aos_vm4)  Actual [220.0], Unused: [73.7578125]
Memory (VM: aos_vm3)  Actual [512.0], Unused: [335.65625]
Memory (VM: aos_vm1)  Actual [512.0], Unused: [335.08203125]

--------------------------------------------------------------------------------
Iteration number :  20
Memory (VM: aos_vm2)  Actual [890.0], Unused: [69.921875]
Memory (VM: aos_vm4)  Actual [220.0], Unused: [73.2734375]
Memory (VM: aos_vm3)  Actual [426.0], Unused: [335.46875]
Memory (VM: aos_vm1)  Actual [512.0], Unused: [335.08203125]

--------------------------------------------------------------------------------
Iteration number :  21
Memory (VM: aos_vm2)  Actual [890.0], Unused: [129.6875]
Memory (VM: aos_vm4)  Actual [220.0], Unused: [73.2734375]
Memory (VM: aos_vm3)  Actual [426.0], Unused: [249.9765625]
Memory (VM: aos_vm1)  Actual [512.0], Unused: [334.89453125]

--------------------------------------------------------------------------------
Iteration number :  22
Memory (VM: aos_vm2)  Actual [974.0], Unused: [87.66796875]
Memory (VM: aos_vm4)  Actual [220.0], Unused: [73.2734375]
Memory (VM: aos_vm3)  Actual [342.0], Unused: [249.9765625]
Memory (VM: aos_vm1)  Actual [512.0], Unused: [334.89453125]

--------------------------------------------------------------------------------
Iteration number :  23
Memory (VM: aos_vm2)  Actual [974.0], Unused: [130.65625]
Memory (VM: aos_vm4)  Actual [220.0], Unused: [73.2734375]
Memory (VM: aos_vm3)  Actual [342.0], Unused: [165.9375]
Memory (VM: aos_vm1)  Actual [512.0], Unused: [334.89453125]

--------------------------------------------------------------------------------
Iteration number :  24
Memory (VM: aos_vm2)  Actual [1056.0], Unused: [89.0]
Memory (VM: aos_vm4)  Actual [220.0], Unused: [73.2734375]
Memory (VM: aos_vm3)  Actual [260.0], Unused: [165.9375]
Memory (VM: aos_vm1)  Actual [512.0], Unused: [334.89453125]

--------------------------------------------------------------------------------
Iteration number :  25
Memory (VM: aos_vm2)  Actual [1056.0], Unused: [130.4140625]
Memory (VM: aos_vm4)  Actual [220.0], Unused: [73.2734375]
Memory (VM: aos_vm3)  Actual [260.0], Unused: [83.95703125]
Memory (VM: aos_vm1)  Actual [512.0], Unused: [334.89453125]

--------------------------------------------------------------------------------
Iteration number :  26
Memory (VM: aos_vm2)  Actual [1140.0], Unused: [88.63671875]
Memory (VM: aos_vm4)  Actual [220.0], Unused: [73.2734375]
Memory (VM: aos_vm3)  Actual [260.0], Unused: [83.95703125]
Memory (VM: aos_vm1)  Actual [428.0], Unused: [334.89453125]

--------------------------------------------------------------------------------
Iteration number :  27
Memory (VM: aos_vm2)  Actual [1140.0], Unused: [131.98828125]
Memory (VM: aos_vm4)  Actual [220.0], Unused: [73.2734375]
Memory (VM: aos_vm3)  Actual [260.0], Unused: [83.95703125]
Memory (VM: aos_vm1)  Actual [428.0], Unused: [251.4609375]

--------------------------------------------------------------------------------
Iteration number :  28
Memory (VM: aos_vm2)  Actual [1222.0], Unused: [90.6953125]
Memory (VM: aos_vm4)  Actual [220.0], Unused: [73.2734375]
Memory (VM: aos_vm3)  Actual [260.0], Unused: [83.95703125]
Memory (VM: aos_vm1)  Actual [346.0], Unused: [251.4609375]

--------------------------------------------------------------------------------
Iteration number :  29
Memory (VM: aos_vm2)  Actual [1222.0], Unused: [131.98828125]
Memory (VM: aos_vm4)  Actual [220.0], Unused: [73.2734375]
Memory (VM: aos_vm3)  Actual [260.0], Unused: [83.95703125]
Memory (VM: aos_vm1)  Actual [346.0], Unused: [169.359375]

--------------------------------------------------------------------------------
Iteration number :  30
Memory (VM: aos_vm2)  Actual [1304.0], Unused: [90.33203125]
Memory (VM: aos_vm4)  Actual [220.0], Unused: [73.2734375]
Memory (VM: aos_vm3)  Actual [260.0], Unused: [83.95703125]
Memory (VM: aos_vm1)  Actual [264.0], Unused: [169.359375]

--------------------------------------------------------------------------------
Iteration number :  31
Memory (VM: aos_vm2)  Actual [1304.0], Unused: [131.3828125]
Memory (VM: aos_vm4)  Actual [220.0], Unused: [73.2734375]
Memory (VM: aos_vm3)  Actual [260.0], Unused: [83.95703125]
Memory (VM: aos_vm1)  Actual [264.0], Unused: [87.37890625]

--------------------------------------------------------------------------------
Iteration number :  32
Memory (VM: aos_vm2)  Actual [1370.0], Unused: [89.60546875]
Memory (VM: aos_vm4)  Actual [220.0], Unused: [73.2734375]
Memory (VM: aos_vm3)  Actual [260.0], Unused: [83.95703125]
Memory (VM: aos_vm1)  Actual [264.0], Unused: [87.37890625]

--------------------------------------------------------------------------------
Iteration number :  33
Memory (VM: aos_vm2)  Actual [1388.0], Unused: [133.8046875]
Memory (VM: aos_vm4)  Actual [220.0], Unused: [73.2734375]
Memory (VM: aos_vm3)  Actual [260.0], Unused: [83.95703125]
Memory (VM: aos_vm1)  Actual [264.0], Unused: [87.37890625]

--------------------------------------------------------------------------------
Iteration number :  34
Memory (VM: aos_vm2)  Actual [1424.0], Unused: [92.875]
Memory (VM: aos_vm4)  Actual [220.0], Unused: [73.2734375]
Memory (VM: aos_vm3)  Actual [260.0], Unused: [83.95703125]
Memory (VM: aos_vm1)  Actual [264.0], Unused: [87.37890625]

--------------------------------------------------------------------------------
Iteration number :  35
Memory (VM: aos_vm2)  Actual [1470.0], Unused: [134.046875]
Memory (VM: aos_vm4)  Actual [220.0], Unused: [73.2734375]
Memory (VM: aos_vm3)  Actual [260.0], Unused: [83.95703125]
Memory (VM: aos_vm1)  Actual [264.0], Unused: [87.37890625]

--------------------------------------------------------------------------------
Iteration number :  36
Memory (VM: aos_vm2)  Actual [1482.0], Unused: [92.6328125]
Memory (VM: aos_vm4)  Actual [220.0], Unused: [73.2734375]
Memory (VM: aos_vm3)  Actual [260.0], Unused: [83.95703125]
Memory (VM: aos_vm1)  Actual [264.0], Unused: [87.37890625]

--------------------------------------------------------------------------------
Iteration number :  37
Memory (VM: aos_vm2)  Actual [1554.0], Unused: [135.62109375]
Memory (VM: aos_vm4)  Actual [220.0], Unused: [73.3046875]
Memory (VM: aos_vm3)  Actual [260.0], Unused: [83.95703125]
Memory (VM: aos_vm1)  Actual [264.0], Unused: [87.37890625]

--------------------------------------------------------------------------------
Iteration number :  38
Memory (VM: aos_vm2)  Actual [1554.0], Unused: [93.6015625]
Memory (VM: aos_vm4)  Actual [220.0], Unused: [73.3046875]
Memory (VM: aos_vm3)  Actual [260.0], Unused: [83.98828125]
Memory (VM: aos_vm1)  Actual [264.0], Unused: [87.41015625]

--------------------------------------------------------------------------------
Iteration number :  39
Memory (VM: aos_vm2)  Actual [1638.0], Unused: [136.46875]
Memory (VM: aos_vm4)  Actual [220.0], Unused: [73.3046875]
Memory (VM: aos_vm3)  Actual [260.0], Unused: [83.98828125]
Memory (VM: aos_vm1)  Actual [264.0], Unused: [87.41015625]

--------------------------------------------------------------------------------
Iteration number :  40
Memory (VM: aos_vm2)  Actual [1638.0], Unused: [94.44921875]
Memory (VM: aos_vm4)  Actual [220.0], Unused: [73.3046875]
Memory (VM: aos_vm3)  Actual [260.0], Unused: [83.98828125]
Memory (VM: aos_vm1)  Actual [264.0], Unused: [87.41015625]

--------------------------------------------------------------------------------
Iteration number :  41
Memory (VM: aos_vm2)  Actual [1722.0], Unused: [137.10546875]
Memory (VM: aos_vm4)  Actual [220.0], Unused: [73.3046875]
Memory (VM: aos_vm3)  Actual [260.0], Unused: [83.98828125]
Memory (VM: aos_vm1)  Actual [264.0], Unused: [87.41015625]

--------------------------------------------------------------------------------
Iteration number :  42
Memory (VM: aos_vm2)  Actual [1722.0], Unused: [95.0859375]
Memory (VM: aos_vm4)  Actual [220.0], Unused: [73.3046875]
Memory (VM: aos_vm3)  Actual [260.0], Unused: [83.98828125]
Memory (VM: aos_vm1)  Actual [264.0], Unused: [87.41015625]

--------------------------------------------------------------------------------
Iteration number :  43
Memory (VM: aos_vm2)  Actual [1806.0], Unused: [137.953125]
Memory (VM: aos_vm4)  Actual [220.0], Unused: [73.3046875]
Memory (VM: aos_vm3)  Actual [260.0], Unused: [83.98828125]
Memory (VM: aos_vm1)  Actual [264.0], Unused: [87.41015625]

--------------------------------------------------------------------------------
Iteration number :  44
Memory (VM: aos_vm2)  Actual [1806.0], Unused: [95.69140625]
Memory (VM: aos_vm4)  Actual [220.0], Unused: [73.3046875]
Memory (VM: aos_vm3)  Actual [260.0], Unused: [83.98828125]
Memory (VM: aos_vm1)  Actual [264.0], Unused: [87.41015625]

--------------------------------------------------------------------------------
Iteration number :  45
Memory (VM: aos_vm2)  Actual [1890.0], Unused: [138.4375]
Memory (VM: aos_vm4)  Actual [220.0], Unused: [73.3046875]
Memory (VM: aos_vm3)  Actual [260.0], Unused: [83.98828125]
Memory (VM: aos_vm1)  Actual [264.0], Unused: [87.41015625]

--------------------------------------------------------------------------------
Iteration number :  46
Memory (VM: aos_vm2)  Actual [1890.0], Unused: [96.17578125]
Memory (VM: aos_vm4)  Actual [220.0], Unused: [73.3046875]
Memory (VM: aos_vm3)  Actual [260.0], Unused: [83.98828125]
Memory (VM: aos_vm1)  Actual [264.0], Unused: [87.41015625]

--------------------------------------------------------------------------------
Iteration number :  47
Memory (VM: aos_vm2)  Actual [1974.0], Unused: [138.921875]
Memory (VM: aos_vm4)  Actual [220.0], Unused: [72.578125]
Memory (VM: aos_vm3)  Actual [260.0], Unused: [83.98828125]
Memory (VM: aos_vm1)  Actual [264.0], Unused: [87.41015625]

--------------------------------------------------------------------------------
Iteration number :  48
Memory (VM: aos_vm2)  Actual [1974.0], Unused: [96.66015625]
Memory (VM: aos_vm4)  Actual [220.0], Unused: [72.578125]
Memory (VM: aos_vm3)  Actual [260.0], Unused: [83.98828125]
Memory (VM: aos_vm1)  Actual [264.0], Unused: [87.41015625]

--------------------------------------------------------------------------------
Iteration number :  49
Memory (VM: aos_vm2)  Actual [2048.0], Unused: [130.80859375]
Memory (VM: aos_vm4)  Actual [220.0], Unused: [72.3359375]
Memory (VM: aos_vm3)  Actual [260.0], Unused: [83.98828125]
Memory (VM: aos_vm1)  Actual [264.0], Unused: [87.41015625]

--------------------------------------------------------------------------------
Iteration number :  50
Memory (VM: aos_vm2)  Actual [1998.0], Unused: [1811.87109375]
Memory (VM: aos_vm4)  Actual [220.0], Unused: [71.8515625]
Memory (VM: aos_vm3)  Actual [260.0], Unused: [83.98828125]
Memory (VM: aos_vm1)  Actual [264.0], Unused: [87.41015625]

--------------------------------------------------------------------------------
Iteration number :  51
Memory (VM: aos_vm2)  Actual [1948.0], Unused: [1761.859375]
Memory (VM: aos_vm4)  Actual [220.0], Unused: [71.8515625]
Memory (VM: aos_vm3)  Actual [260.0], Unused: [83.98828125]
Memory (VM: aos_vm1)  Actual [264.0], Unused: [87.41015625]

--------------------------------------------------------------------------------
Iteration number :  52
Memory (VM: aos_vm2)  Actual [1898.0], Unused: [1711.84765625]
Memory (VM: aos_vm4)  Actual [220.0], Unused: [71.8828125]
Memory (VM: aos_vm3)  Actual [260.0], Unused: [83.98828125]
Memory (VM: aos_vm1)  Actual [264.0], Unused: [87.41015625]

--------------------------------------------------------------------------------
Iteration number :  53
Memory (VM: aos_vm2)  Actual [1848.0], Unused: [1661.8359375]
Memory (VM: aos_vm4)  Actual [220.0], Unused: [71.8828125]
Memory (VM: aos_vm3)  Actual [260.0], Unused: [84.01953125]
Memory (VM: aos_vm1)  Actual [264.0], Unused: [87.41015625]

--------------------------------------------------------------------------------
Iteration number :  54
Memory (VM: aos_vm2)  Actual [1798.0], Unused: [1611.82421875]
Memory (VM: aos_vm4)  Actual [220.0], Unused: [71.8828125]
Memory (VM: aos_vm3)  Actual [260.0], Unused: [84.01953125]
Memory (VM: aos_vm1)  Actual [264.0], Unused: [87.44140625]

--------------------------------------------------------------------------------
Iteration number :  55
Memory (VM: aos_vm2)  Actual [1748.0], Unused: [1561.8125]
Memory (VM: aos_vm4)  Actual [220.0], Unused: [71.8828125]
Memory (VM: aos_vm3)  Actual [260.0], Unused: [84.01953125]
Memory (VM: aos_vm1)  Actual [264.0], Unused: [87.44140625]

--------------------------------------------------------------------------------
Iteration number :  56
Memory (VM: aos_vm2)  Actual [1698.0], Unused: [1511.80078125]
Memory (VM: aos_vm4)  Actual [220.0], Unused: [71.8828125]
Memory (VM: aos_vm3)  Actual [260.0], Unused: [84.01953125]
Memory (VM: aos_vm1)  Actual [264.0], Unused: [87.44140625]

--------------------------------------------------------------------------------
Iteration number :  57
Memory (VM: aos_vm2)  Actual [1648.0], Unused: [1461.7890625]
Memory (VM: aos_vm4)  Actual [220.0], Unused: [71.8828125]
Memory (VM: aos_vm3)  Actual [260.0], Unused: [84.01953125]
Memory (VM: aos_vm1)  Actual [264.0], Unused: [87.44140625]

--------------------------------------------------------------------------------
Iteration number :  58
Memory (VM: aos_vm2)  Actual [1598.0], Unused: [1411.77734375]
Memory (VM: aos_vm4)  Actual [220.0], Unused: [71.8828125]
Memory (VM: aos_vm3)  Actual [260.0], Unused: [84.01953125]
Memory (VM: aos_vm1)  Actual [264.0], Unused: [87.44140625]

--------------------------------------------------------------------------------
Iteration number :  59
Memory (VM: aos_vm2)  Actual [1548.0], Unused: [1361.765625]
Memory (VM: aos_vm4)  Actual [220.0], Unused: [71.8828125]
Memory (VM: aos_vm3)  Actual [260.0], Unused: [84.01953125]
Memory (VM: aos_vm1)  Actual [264.0], Unused: [87.44140625]

--------------------------------------------------------------------------------
Iteration number :  60
Memory (VM: aos_vm2)  Actual [1498.0], Unused: [1311.75390625]
Memory (VM: aos_vm4)  Actual [220.0], Unused: [71.8828125]
Memory (VM: aos_vm3)  Actual [260.0], Unused: [84.01953125]
Memory (VM: aos_vm1)  Actual [264.0], Unused: [87.44140625]

--------------------------------------------------------------------------------
Iteration number :  61
Memory (VM: aos_vm2)  Actual [1448.0], Unused: [1261.86328125]
Memory (VM: aos_vm4)  Actual [220.0], Unused: [71.8828125]
Memory (VM: aos_vm3)  Actual [260.0], Unused: [84.01953125]
Memory (VM: aos_vm1)  Actual [264.0], Unused: [87.44140625]

--------------------------------------------------------------------------------
Iteration number :  62
Memory (VM: aos_vm2)  Actual [1398.0], Unused: [1211.8515625]
Memory (VM: aos_vm4)  Actual [220.0], Unused: [71.8828125]
Memory (VM: aos_vm3)  Actual [260.0], Unused: [84.01953125]
Memory (VM: aos_vm1)  Actual [264.0], Unused: [87.44140625]

--------------------------------------------------------------------------------
Iteration number :  63
Memory (VM: aos_vm2)  Actual [1348.0], Unused: [1161.83984375]
Memory (VM: aos_vm4)  Actual [220.0], Unused: [71.8828125]
Memory (VM: aos_vm3)  Actual [260.0], Unused: [84.01953125]
Memory (VM: aos_vm1)  Actual [264.0], Unused: [87.44140625]

--------------------------------------------------------------------------------
Iteration number :  64
Memory (VM: aos_vm2)  Actual [1298.0], Unused: [1111.828125]
Memory (VM: aos_vm4)  Actual [220.0], Unused: [71.8828125]
Memory (VM: aos_vm3)  Actual [260.0], Unused: [84.01953125]
Memory (VM: aos_vm1)  Actual [264.0], Unused: [87.44140625]

--------------------------------------------------------------------------------
Iteration number :  65
Memory (VM: aos_vm2)  Actual [1248.0], Unused: [1061.81640625]
Memory (VM: aos_vm4)  Actual [220.0], Unused: [71.8828125]
Memory (VM: aos_vm3)  Actual [260.0], Unused: [84.01953125]
Memory (VM: aos_vm1)  Actual [264.0], Unused: [87.44140625]

--------------------------------------------------------------------------------
Iteration number :  66
Memory (VM: aos_vm2)  Actual [1198.0], Unused: [1011.8046875]
Memory (VM: aos_vm4)  Actual [220.0], Unused: [71.8828125]
Memory (VM: aos_vm3)  Actual [260.0], Unused: [84.01953125]
Memory (VM: aos_vm1)  Actual [264.0], Unused: [87.44140625]

--------------------------------------------------------------------------------
Iteration number :  67
Memory (VM: aos_vm2)  Actual [1148.0], Unused: [961.79296875]
Memory (VM: aos_vm4)  Actual [220.0], Unused: [71.8828125]
Memory (VM: aos_vm3)  Actual [260.0], Unused: [84.01953125]
Memory (VM: aos_vm1)  Actual [264.0], Unused: [87.44140625]

--------------------------------------------------------------------------------
Iteration number :  68
Memory (VM: aos_vm2)  Actual [1098.0], Unused: [911.78125]
Memory (VM: aos_vm4)  Actual [220.0], Unused: [71.8828125]
Memory (VM: aos_vm3)  Actual [260.0], Unused: [84.01953125]
Memory (VM: aos_vm1)  Actual [264.0], Unused: [87.44140625]

--------------------------------------------------------------------------------
Iteration number :  69
Memory (VM: aos_vm2)  Actual [1048.0], Unused: [861.76953125]
Memory (VM: aos_vm4)  Actual [220.0], Unused: [71.8828125]
Memory (VM: aos_vm3)  Actual [260.0], Unused: [84.01953125]
Memory (VM: aos_vm1)  Actual [264.0], Unused: [87.44140625]

--------------------------------------------------------------------------------
Iteration number :  70
Memory (VM: aos_vm2)  Actual [998.0], Unused: [811.7578125]
Memory (VM: aos_vm4)  Actual [220.0], Unused: [71.8828125]
Memory (VM: aos_vm3)  Actual [260.0], Unused: [84.01953125]
Memory (VM: aos_vm1)  Actual [264.0], Unused: [87.44140625]

--------------------------------------------------------------------------------
Iteration number :  71
Memory (VM: aos_vm2)  Actual [948.0], Unused: [761.74609375]
Memory (VM: aos_vm4)  Actual [220.0], Unused: [71.8828125]
Memory (VM: aos_vm3)  Actual [260.0], Unused: [84.01953125]
Memory (VM: aos_vm1)  Actual [264.0], Unused: [87.44140625]

--------------------------------------------------------------------------------
Iteration number :  72
Memory (VM: aos_vm2)  Actual [898.0], Unused: [711.5234375]
Memory (VM: aos_vm4)  Actual [220.0], Unused: [71.8828125]
Memory (VM: aos_vm3)  Actual [260.0], Unused: [84.01953125]
Memory (VM: aos_vm1)  Actual [264.0], Unused: [87.44140625]

--------------------------------------------------------------------------------
Iteration number :  73
Memory (VM: aos_vm2)  Actual [848.0], Unused: [661.51171875]
Memory (VM: aos_vm4)  Actual [220.0], Unused: [71.9140625]
Memory (VM: aos_vm3)  Actual [260.0], Unused: [84.05078125]
Memory (VM: aos_vm1)  Actual [264.0], Unused: [87.44140625]

--------------------------------------------------------------------------------
Iteration number :  74
Memory (VM: aos_vm2)  Actual [798.0], Unused: [611.5]
Memory (VM: aos_vm4)  Actual [220.0], Unused: [71.9140625]
Memory (VM: aos_vm3)  Actual [260.0], Unused: [84.05078125]
Memory (VM: aos_vm1)  Actual [264.0], Unused: [87.47265625]

--------------------------------------------------------------------------------
Iteration number :  75
Memory (VM: aos_vm2)  Actual [748.0], Unused: [561.48828125]
Memory (VM: aos_vm4)  Actual [220.0], Unused: [71.9140625]
Memory (VM: aos_vm3)  Actual [260.0], Unused: [84.05078125]
Memory (VM: aos_vm1)  Actual [264.0], Unused: [87.47265625]

--------------------------------------------------------------------------------
Iteration number :  76
Memory (VM: aos_vm2)  Actual [698.0], Unused: [511.4765625]
Memory (VM: aos_vm4)  Actual [220.0], Unused: [71.9140625]
Memory (VM: aos_vm3)  Actual [260.0], Unused: [84.05078125]
Memory (VM: aos_vm1)  Actual [264.0], Unused: [87.47265625]

--------------------------------------------------------------------------------
Iteration number :  77
Memory (VM: aos_vm2)  Actual [648.0], Unused: [461.46484375]
Memory (VM: aos_vm4)  Actual [220.0], Unused: [71.9140625]
Memory (VM: aos_vm3)  Actual [260.0], Unused: [84.05078125]
Memory (VM: aos_vm1)  Actual [264.0], Unused: [87.47265625]

--------------------------------------------------------------------------------
Iteration number :  78
Memory (VM: aos_vm2)  Actual [598.0], Unused: [411.453125]
Memory (VM: aos_vm4)  Actual [220.0], Unused: [71.9140625]
Memory (VM: aos_vm3)  Actual [260.0], Unused: [84.05078125]
Memory (VM: aos_vm1)  Actual [264.0], Unused: [87.47265625]

--------------------------------------------------------------------------------
Iteration number :  79
Memory (VM: aos_vm2)  Actual [548.0], Unused: [361.44140625]
Memory (VM: aos_vm4)  Actual [220.0], Unused: [71.9140625]
Memory (VM: aos_vm3)  Actual [260.0], Unused: [84.05078125]
Memory (VM: aos_vm1)  Actual [264.0], Unused: [87.47265625]

--------------------------------------------------------------------------------
Iteration number :  80
Memory (VM: aos_vm2)  Actual [512.0], Unused: [325.4765625]
Memory (VM: aos_vm4)  Actual [220.0], Unused: [71.9140625]
Memory (VM: aos_vm3)  Actual [260.0], Unused: [84.05078125]
Memory (VM: aos_vm1)  Actual [264.0], Unused: [87.47265625]
]0;azureuser@pr1-vm: ~/AOS_Project1/memory/test[01;32mazureuser@pr1-vm[00m:[01;34m~/AOS_Project1/memory/test[00m$ run: no process found
run: no process found
run: no process found
run: no process found
^C
]0;azureuser@pr1-vm: ~/AOS_Project1/memory/test[01;32mazureuser@pr1-vm[00m:[01;34m~/AOS_Project1/memory/test[00m$ exit
exit

Script done on 2024-09-22 14:04:17+00:00 [COMMAND_EXIT_CODE="130"]
