Script started on 2024-09-22 16:16:32+00:00 [TERM="xterm-256color" TTY="/dev/pts/1" COLUMNS="147" LINES="46"]
]0;azureuser@pr1-vm: ~/AOS_Project1/cpu/test[01;32mazureuser@pr1-vm[00m:[01;34m~/AOS_Project1/cpu/test[00m$ ./monitor.py -t runtest1.py 

--------------------------------------------------
Iteration number :  1
0 - usage: 0.0 | mapping []
1 - usage: 0.0 | mapping []
2 - usage: 0.0 | mapping []
3 - usage: 0.0 | mapping []

--------------------------------------------------
Iteration number :  2
0 - usage: 0.0 | mapping ['aos_vm5', 'aos_vm7', 'aos_vm1']
1 - usage: 0.0 | mapping ['aos_vm4']
2 - usage: 0.0 | mapping ['aos_vm8']
3 - usage: 1.0 | mapping ['aos_vm3', 'aos_vm2', 'aos_vm6']

--------------------------------------------------
Iteration number :  3
0 - usage: 0.0 | mapping ['aos_vm5', 'aos_vm7']
1 - usage: 0.0 | mapping ['aos_vm4']
2 - usage: 1.0 | mapping ['aos_vm1', 'aos_vm2', 'aos_vm8']
3 - usage: 0.0 | mapping ['aos_vm3', 'aos_vm6']

--------------------------------------------------
Iteration number :  4
0 - usage: 1.0 | mapping ['aos_vm5', 'aos_vm7', 'aos_vm1']
1 - usage: 0.0 | mapping ['aos_vm2', 'aos_vm8']
2 - usage: 0.0 | mapping []
3 - usage: 1.0 | mapping ['aos_vm4', 'aos_vm3', 'aos_vm6']

--------------------------------------------------
Iteration number :  5
0 - usage: 0.0 | mapping ['aos_vm4', 'aos_vm7']
1 - usage: 3.0 | mapping ['aos_vm5', 'aos_vm3']
2 - usage: 1.0 | mapping ['aos_vm2', 'aos_vm8']
3 - usage: 1.0 | mapping ['aos_vm1', 'aos_vm6']

--------------------------------------------------
Iteration number :  6
0 - usage: 3.0 | mapping ['aos_vm5', 'aos_vm1']
1 - usage: 2.0 | mapping ['aos_vm4', 'aos_vm2']
2 - usage: 2.0 | mapping ['aos_vm3', 'aos_vm8']
3 - usage: 3.0 | mapping ['aos_vm7', 'aos_vm6']

--------------------------------------------------
Iteration number :  7
0 - usage: 79.0 | mapping ['aos_vm5', 'aos_vm1']
1 - usage: 69.0 | mapping ['aos_vm4', 'aos_vm2']
2 - usage: 78.0 | mapping ['aos_vm3', 'aos_vm8']
3 - usage: 86.0 | mapping ['aos_vm7', 'aos_vm6']

--------------------------------------------------
Iteration number :  8
0 - usage: 107.0 | mapping ['aos_vm7', 'aos_vm1', 'aos_vm2']
1 - usage: 54.0 | mapping ['aos_vm6']
2 - usage: 88.0 | mapping ['aos_vm3', 'aos_vm8']
3 - usage: 92.0 | mapping ['aos_vm5', 'aos_vm4']

--------------------------------------------------
Iteration number :  9
0 - usage: 102.99999999999999 | mapping ['aos_vm1', 'aos_vm8', 'aos_vm6']
1 - usage: 85.00000000000001 | mapping ['aos_vm4', 'aos_vm7']
2 - usage: 92.0 | mapping ['aos_vm5', 'aos_vm2']
3 - usage: 51.0 | mapping ['aos_vm3']

--------------------------------------------------
Iteration number :  10
0 - usage: 84.0 | mapping ['aos_vm7', 'aos_vm2']
1 - usage: 84.00000000000001 | mapping ['aos_vm3', 'aos_vm1']
2 - usage: 83.0 | mapping ['aos_vm5', 'aos_vm8']
3 - usage: 81.0 | mapping ['aos_vm4', 'aos_vm6']

--------------------------------------------------
Iteration number :  11
0 - usage: 85.0 | mapping ['aos_vm7', 'aos_vm2']
1 - usage: 89.0 | mapping ['aos_vm3', 'aos_vm1']
2 - usage: 83.0 | mapping ['aos_vm5', 'aos_vm8']
3 - usage: 83.0 | mapping ['aos_vm4', 'aos_vm6']

--------------------------------------------------
Iteration number :  12
0 - usage: 84.0 | mapping ['aos_vm7', 'aos_vm2']
1 - usage: 87.0 | mapping ['aos_vm3', 'aos_vm1']
2 - usage: 85.0 | mapping ['aos_vm5', 'aos_vm8']
3 - usage: 85.0 | mapping ['aos_vm4', 'aos_vm6']

--------------------------------------------------
Iteration number :  13
0 - usage: 84.0 | mapping ['aos_vm7', 'aos_vm2']
1 - usage: 88.0 | mapping ['aos_vm3', 'aos_vm1']
2 - usage: 85.0 | mapping ['aos_vm5', 'aos_vm8']
3 - usage: 84.0 | mapping ['aos_vm4', 'aos_vm6']

--------------------------------------------------
Iteration number :  14
0 - usage: 86.0 | mapping ['aos_vm7', 'aos_vm2']
1 - usage: 88.0 | mapping ['aos_vm3', 'aos_vm1']
2 - usage: 85.0 | mapping ['aos_vm5', 'aos_vm8']
3 - usage: 85.0 | mapping ['aos_vm4', 'aos_vm6']

--------------------------------------------------
Iteration number :  15
0 - usage: 83.0 | mapping ['aos_vm7', 'aos_vm2']
1 - usage: 88.0 | mapping ['aos_vm3', 'aos_vm1']
2 - usage: 85.0 | mapping ['aos_vm5', 'aos_vm8']
3 - usage: 84.0 | mapping ['aos_vm4', 'aos_vm6']

--------------------------------------------------
Iteration number :  16
0 - usage: 85.0 | mapping ['aos_vm7', 'aos_vm2']
1 - usage: 88.0 | mapping ['aos_vm3', 'aos_vm1']
2 - usage: 85.0 | mapping ['aos_vm5', 'aos_vm8']
3 - usage: 86.0 | mapping ['aos_vm4', 'aos_vm6']

--------------------------------------------------
Iteration number :  17
0 - usage: 83.0 | mapping ['aos_vm7', 'aos_vm2']
1 - usage: 88.0 | mapping ['aos_vm3', 'aos_vm1']
2 - usage: 84.0 | mapping ['aos_vm5', 'aos_vm8']
3 - usage: 84.0 | mapping ['aos_vm4', 'aos_vm6']

--------------------------------------------------
Iteration number :  18
0 - usage: 84.0 | mapping ['aos_vm7', 'aos_vm2']
1 - usage: 88.0 | mapping ['aos_vm3', 'aos_vm1']
2 - usage: 85.0 | mapping ['aos_vm5', 'aos_vm8']
3 - usage: 84.0 | mapping ['aos_vm4', 'aos_vm6']

--------------------------------------------------
Iteration number :  19
0 - usage: 83.0 | mapping ['aos_vm7', 'aos_vm2']
1 - usage: 88.0 | mapping ['aos_vm3', 'aos_vm1']
2 - usage: 85.0 | mapping ['aos_vm5', 'aos_vm8']
3 - usage: 86.0 | mapping ['aos_vm4', 'aos_vm6']

--------------------------------------------------
Iteration number :  20
0 - usage: 84.0 | mapping ['aos_vm7', 'aos_vm2']
1 - usage: 87.0 | mapping ['aos_vm3', 'aos_vm1']
2 - usage: 85.0 | mapping ['aos_vm5', 'aos_vm8']
3 - usage: 84.0 | mapping ['aos_vm4', 'aos_vm6']

--------------------------------------------------
Iteration number :  21
0 - usage: 84.0 | mapping ['aos_vm7', 'aos_vm2']
1 - usage: 88.0 | mapping ['aos_vm3', 'aos_vm1']
2 - usage: 86.0 | mapping ['aos_vm5', 'aos_vm8']
3 - usage: 85.0 | mapping ['aos_vm4', 'aos_vm6']

--------------------------------------------------
Iteration number :  22
0 - usage: 84.0 | mapping ['aos_vm7', 'aos_vm2']
1 - usage: 87.0 | mapping ['aos_vm3', 'aos_vm1']
2 - usage: 85.0 | mapping ['aos_vm5', 'aos_vm8']
3 - usage: 85.0 | mapping ['aos_vm4', 'aos_vm6']

--------------------------------------------------
Iteration number :  23
0 - usage: 84.0 | mapping ['aos_vm7', 'aos_vm2']
1 - usage: 88.0 | mapping ['aos_vm3', 'aos_vm1']
2 - usage: 86.0 | mapping ['aos_vm5', 'aos_vm8']
3 - usage: 82.0 | mapping ['aos_vm4', 'aos_vm6']

--------------------------------------------------
Iteration number :  24
0 - usage: 84.0 | mapping ['aos_vm7', 'aos_vm2']
1 - usage: 90.0 | mapping ['aos_vm3', 'aos_vm1']
2 - usage: 83.0 | mapping ['aos_vm5', 'aos_vm8']
3 - usage: 85.0 | mapping ['aos_vm4', 'aos_vm6']

--------------------------------------------------
Iteration number :  25
0 - usage: 84.0 | mapping ['aos_vm7', 'aos_vm2']
1 - usage: 87.0 | mapping ['aos_vm3', 'aos_vm1']
2 - usage: 85.0 | mapping ['aos_vm5', 'aos_vm8']
3 - usage: 83.0 | mapping ['aos_vm4', 'aos_vm6']
]0;azureuser@pr1-vm: ~/AOS_Project1/cpu/test[01;32mazureuser@pr1-vm[00m:[01;34m~/AOS_Project1/cpu/test[00m$ exit
exit

Script done on 2024-09-22 16:17:23+00:00 [COMMAND_EXIT_CODE="0"]
